# HELP kafka_consumer_successful_authentication_rate The number of connections with successful authentication per second
# TYPE kafka_consumer_successful_authentication_rate gauge
kafka_consumer_successful_authentication_rate{client_id="consumer-kafka-src50c-1",kafka_version="2.8.1",} 0.0
# HELP kafka_consumer_last_poll_seconds_ago The number of seconds since the last poll() invocation.
# TYPE kafka_consumer_last_poll_seconds_ago gauge
kafka_consumer_last_poll_seconds_ago{client_id="consumer-kafka-src50c-1",kafka_version="2.8.1",} 1.0
# HELP kafka_consumer_coordinator_join_time_max The max time taken for a group rejoin
# TYPE kafka_consumer_coordinator_join_time_max gauge
kafka_consumer_coordinator_join_time_max{client_id="consumer-kafka-src50c-1",kafka_version="2.8.1",} NaN
# HELP queue_length_1 Number of events in executor queue per partition
# TYPE queue_length_1 gauge
queue_length_1{partition_id="34",} 0.0
queue_length_1{partition_id="46",} 0.0
queue_length_1{partition_id="24",} 0.0
queue_length_1{partition_id="36",} 0.0
queue_length_1{partition_id="26",} 0.0
queue_length_1{partition_id="48",} 0.0
queue_length_1{partition_id="38",} 0.0
queue_length_1{partition_id="16",} 0.0
queue_length_1{partition_id="28",} 0.0
queue_length_1{partition_id="18",} 0.0
queue_length_1{partition_id="40",} 0.0
queue_length_1{partition_id="30",} 0.0
queue_length_1{partition_id="42",} 0.0
queue_length_1{partition_id="20",} 0.0
queue_length_1{partition_id="32",} 0.0
queue_length_1{partition_id="22",} 0.0
queue_length_1{partition_id="44",} 0.0
# HELP kafka_consumer_coordinator_commit_latency_max The max time taken for a commit request
# TYPE kafka_consumer_coordinator_commit_latency_max gauge
kafka_consumer_coordinator_commit_latency_max{client_id="consumer-kafka-src50c-1",kafka_version="2.8.1",} NaN
# HELP kafka_consumer_coordinator_failed_rebalance_total The total number of failed rebalance events
# TYPE kafka_consumer_coordinator_failed_rebalance_total counter
kafka_consumer_coordinator_failed_rebalance_total{client_id="consumer-kafka-src50c-1",kafka_version="2.8.1",} 1.0
# HELP kafka_consumer_connection_creation_total The total number of new connections established
# TYPE kafka_consumer_connection_creation_total counter
kafka_consumer_connection_creation_total{client_id="consumer-kafka-src50c-1",kafka_version="2.8.1",} 5.0
# HELP kafka_consumer_fetch_manager_bytes_consumed_rate The average number of bytes consumed per second for a topic
# TYPE kafka_consumer_fetch_manager_bytes_consumed_rate gauge
kafka_consumer_fetch_manager_bytes_consumed_rate{client_id="consumer-kafka-src50c-1",kafka_version="2.8.1",topic="topic50c",} 0.0
# HELP kafka_consumer_io_wait_time_ns_avg The average length of time the I/O thread spent waiting for a socket ready for reads or writes in nanoseconds.
# TYPE kafka_consumer_io_wait_time_ns_avg gauge
kafka_consumer_io_wait_time_ns_avg{client_id="consumer-kafka-src50c-1",kafka_version="2.8.1",} 7.876596251559934E7
# HELP kafka_consumer_coordinator_join_time_avg The average time taken for a group rejoin
# TYPE kafka_consumer_coordinator_join_time_avg gauge
kafka_consumer_coordinator_join_time_avg{client_id="consumer-kafka-src50c-1",kafka_version="2.8.1",} NaN
# HELP kafka_consumer_successful_reauthentication_rate The number of successful re-authentication of connections per second
# TYPE kafka_consumer_successful_reauthentication_rate gauge
kafka_consumer_successful_reauthentication_rate{client_id="consumer-kafka-src50c-1",kafka_version="2.8.1",} 0.0
# HELP kafka_consumer_node_outgoing_byte_rate The number of outgoing bytes per second
# TYPE kafka_consumer_node_outgoing_byte_rate gauge
kafka_consumer_node_outgoing_byte_rate{client_id="consumer-kafka-src50c-1",kafka_version="2.8.1",node_id="node-2147483645",} 40.28067513749289
kafka_consumer_node_outgoing_byte_rate{client_id="consumer-kafka-src50c-1",kafka_version="2.8.1",node_id="node-2",} 113.85604911652385
kafka_consumer_node_outgoing_byte_rate{client_id="consumer-kafka-src50c-1",kafka_version="2.8.1",node_id="node--1",} 0.0
kafka_consumer_node_outgoing_byte_rate{client_id="consumer-kafka-src50c-1",kafka_version="2.8.1",node_id="node-1",} 114.12790997780417
kafka_consumer_node_outgoing_byte_rate{client_id="consumer-kafka-src50c-1",kafka_version="2.8.1",node_id="node-0",} 113.85812959105361
# HELP kafka_consumer_node_response_total The total number of responses received
# TYPE kafka_consumer_node_response_total counter
kafka_consumer_node_response_total{client_id="consumer-kafka-src50c-1",kafka_version="2.8.1",node_id="node-2147483645",} 3336.0
kafka_consumer_node_response_total{client_id="consumer-kafka-src50c-1",kafka_version="2.8.1",node_id="node-2",} 3616.0
kafka_consumer_node_response_total{client_id="consumer-kafka-src50c-1",kafka_version="2.8.1",node_id="node--1",} 3.0
kafka_consumer_node_response_total{client_id="consumer-kafka-src50c-1",kafka_version="2.8.1",node_id="node-1",} 3615.0
kafka_consumer_node_response_total{client_id="consumer-kafka-src50c-1",kafka_version="2.8.1",node_id="node-0",} 3612.0
# HELP kafka_consumer_io_ratio The fraction of time the I/O thread spent doing I/O
# TYPE kafka_consumer_io_ratio gauge
kafka_consumer_io_ratio{client_id="consumer-kafka-src50c-1",kafka_version="2.8.1",} 5.876976548061223E-4
# HELP kafka_consumer_coordinator_partition_lost_latency_avg The average time taken for a partition-lost rebalance listener callback
# TYPE kafka_consumer_coordinator_partition_lost_latency_avg gauge
kafka_consumer_coordinator_partition_lost_latency_avg{client_id="consumer-kafka-src50c-1",kafka_version="2.8.1",} NaN
# HELP kafka_consumer_reauthentication_latency_avg The average latency observed due to re-authentication
# TYPE kafka_consumer_reauthentication_latency_avg gauge
kafka_consumer_reauthentication_latency_avg{client_id="consumer-kafka-src50c-1",kafka_version="2.8.1",} NaN
# HELP kafka_consumer_select_rate The number of times the I/O layer checked for new I/O to perform per second
# TYPE kafka_consumer_select_rate gauge
kafka_consumer_select_rate{client_id="consumer-kafka-src50c-1",kafka_version="2.8.1",} 10.927490983474188
# HELP kafka_consumer_node_incoming_byte_rate The number of incoming bytes per second
# TYPE kafka_consumer_node_incoming_byte_rate gauge
kafka_consumer_node_incoming_byte_rate{client_id="consumer-kafka-src50c-1",kafka_version="2.8.1",node_id="node-2147483645",} 5.500036830603777
kafka_consumer_node_incoming_byte_rate{client_id="consumer-kafka-src50c-1",kafka_version="2.8.1",node_id="node-2",} 35.69119358593043
kafka_consumer_node_incoming_byte_rate{client_id="consumer-kafka-src50c-1",kafka_version="2.8.1",node_id="node-1",} 35.67726330338631
kafka_consumer_node_incoming_byte_rate{client_id="consumer-kafka-src50c-1",kafka_version="2.8.1",node_id="node--1",} 0.0
kafka_consumer_node_incoming_byte_rate{client_id="consumer-kafka-src50c-1",kafka_version="2.8.1",node_id="node-0",} 35.77201856390468
# HELP kafka_consumer_successful_authentication_no_reauth_total The total number of connections with successful authentication where the client does not support re-authentication
# TYPE kafka_consumer_successful_authentication_no_reauth_total counter
kafka_consumer_successful_authentication_no_reauth_total{client_id="consumer-kafka-src50c-1",kafka_version="2.8.1",} 0.0
# HELP kafka_consumer_request_size_max The maximum size of any request sent.
# TYPE kafka_consumer_request_size_max gauge
kafka_consumer_request_size_max{client_id="consumer-kafka-src50c-1",kafka_version="2.8.1",} 118.0
# HELP kafka_consumer_coordinator_rebalance_latency_avg The average time taken for a group to complete a successful rebalance, which may be composed of several failed re-trials until it succeeded
# TYPE kafka_consumer_coordinator_rebalance_latency_avg gauge
kafka_consumer_coordinator_rebalance_latency_avg{client_id="consumer-kafka-src50c-1",kafka_version="2.8.1",} NaN
# HELP kafka_consumer_coordinator_commit_total The total number of commit calls
# TYPE kafka_consumer_coordinator_commit_total counter
kafka_consumer_coordinator_commit_total{client_id="consumer-kafka-src50c-1",kafka_version="2.8.1",} 1610.0
# HELP kafka_consumer_node_response_rate The number of responses received per second
# TYPE kafka_consumer_node_response_rate gauge
kafka_consumer_node_response_rate{client_id="consumer-kafka-src50c-1",kafka_version="2.8.1",node_id="node-2147483645",} 0.34375230191273604
kafka_consumer_node_response_rate{client_id="consumer-kafka-src50c-1",kafka_version="2.8.1",node_id="node-2",} 1.699580646949068
kafka_consumer_node_response_rate{client_id="consumer-kafka-src50c-1",kafka_version="2.8.1",node_id="node-1",} 1.6989173001612532
kafka_consumer_node_response_rate{client_id="consumer-kafka-src50c-1",kafka_version="2.8.1",node_id="node--1",} 0.0
kafka_consumer_node_response_rate{client_id="consumer-kafka-src50c-1",kafka_version="2.8.1",node_id="node-0",} 1.7034294554240323
# HELP kafka_consumer_node_request_size_avg The average size of requests sent.
# TYPE kafka_consumer_node_request_size_avg gauge
kafka_consumer_node_request_size_avg{client_id="consumer-kafka-src50c-1",kafka_version="2.8.1",node_id="node-2147483645",} 118.0
kafka_consumer_node_request_size_avg{client_id="consumer-kafka-src50c-1",kafka_version="2.8.1",node_id="node-2",} 67.0
kafka_consumer_node_request_size_avg{client_id="consumer-kafka-src50c-1",kafka_version="2.8.1",node_id="node-1",} 67.0
kafka_consumer_node_request_size_avg{client_id="consumer-kafka-src50c-1",kafka_version="2.8.1",node_id="node--1",} NaN
kafka_consumer_node_request_size_avg{client_id="consumer-kafka-src50c-1",kafka_version="2.8.1",node_id="node-0",} 67.0
# HELP kafka_consumer_node_incoming_byte_total The total number of incoming bytes
# TYPE kafka_consumer_node_incoming_byte_total counter
kafka_consumer_node_incoming_byte_total{client_id="consumer-kafka-src50c-1",kafka_version="2.8.1",node_id="node-2147483645",} 82344.0
kafka_consumer_node_incoming_byte_total{client_id="consumer-kafka-src50c-1",kafka_version="2.8.1",node_id="node-2",} 145669.0
kafka_consumer_node_incoming_byte_total{client_id="consumer-kafka-src50c-1",kafka_version="2.8.1",node_id="node-1",} 141484.0
kafka_consumer_node_incoming_byte_total{client_id="consumer-kafka-src50c-1",kafka_version="2.8.1",node_id="node--1",} 2891.0
kafka_consumer_node_incoming_byte_total{client_id="consumer-kafka-src50c-1",kafka_version="2.8.1",node_id="node-0",} 137524.0
# HELP kafka_consumer_fetch_manager_records_consumed_rate The average number of records consumed per second for a topic
# TYPE kafka_consumer_fetch_manager_records_consumed_rate gauge
kafka_consumer_fetch_manager_records_consumed_rate{client_id="consumer-kafka-src50c-1",kafka_version="2.8.1",topic="topic50c",} 0.0
# HELP kafka_consumer_node_request_rate The number of requests sent per second
# TYPE kafka_consumer_node_request_rate gauge
kafka_consumer_node_request_rate{client_id="consumer-kafka-src50c-1",kafka_version="2.8.1",node_id="node-2147483645",} 0.3413616537075669
kafka_consumer_node_request_rate{client_id="consumer-kafka-src50c-1",kafka_version="2.8.1",node_id="node-2",} 1.699344016664535
kafka_consumer_node_request_rate{client_id="consumer-kafka-src50c-1",kafka_version="2.8.1",node_id="node-1",} 1.7034016414597637
kafka_consumer_node_request_rate{client_id="consumer-kafka-src50c-1",kafka_version="2.8.1",node_id="node--1",} 0.0
kafka_consumer_node_request_rate{client_id="consumer-kafka-src50c-1",kafka_version="2.8.1",node_id="node-0",} 1.6993750685231883
# HELP kafka_consumer_fetch_manager_records_lead_min The min lead of the partition
# TYPE kafka_consumer_fetch_manager_records_lead_min gauge
kafka_consumer_fetch_manager_records_lead_min{client_id="consumer-kafka-src50c-1",kafka_version="2.8.1",partition="28",topic="topic50c",} NaN
kafka_consumer_fetch_manager_records_lead_min{client_id="consumer-kafka-src50c-1",kafka_version="2.8.1",partition="18",topic="topic50c",} NaN
kafka_consumer_fetch_manager_records_lead_min{client_id="consumer-kafka-src50c-1",kafka_version="2.8.1",partition="48",topic="topic50c",} NaN
kafka_consumer_fetch_manager_records_lead_min{client_id="consumer-kafka-src50c-1",kafka_version="2.8.1",partition="26",topic="topic50c",} NaN
kafka_consumer_fetch_manager_records_lead_min{client_id="consumer-kafka-src50c-1",kafka_version="2.8.1",partition="38",topic="topic50c",} NaN
kafka_consumer_fetch_manager_records_lead_min{client_id="consumer-kafka-src50c-1",kafka_version="2.8.1",partition="16",topic="topic50c",} NaN
kafka_consumer_fetch_manager_records_lead_min{client_id="consumer-kafka-src50c-1",kafka_version="2.8.1",partition="24",topic="topic50c",} NaN
kafka_consumer_fetch_manager_records_lead_min{client_id="consumer-kafka-src50c-1",kafka_version="2.8.1",partition="36",topic="topic50c",} NaN
kafka_consumer_fetch_manager_records_lead_min{client_id="consumer-kafka-src50c-1",kafka_version="2.8.1",partition="44",topic="topic50c",} NaN
kafka_consumer_fetch_manager_records_lead_min{client_id="consumer-kafka-src50c-1",kafka_version="2.8.1",partition="22",topic="topic50c",} NaN
kafka_consumer_fetch_manager_records_lead_min{client_id="consumer-kafka-src50c-1",kafka_version="2.8.1",partition="34",topic="topic50c",} NaN
kafka_consumer_fetch_manager_records_lead_min{client_id="consumer-kafka-src50c-1",kafka_version="2.8.1",partition="46",topic="topic50c",} NaN
kafka_consumer_fetch_manager_records_lead_min{client_id="consumer-kafka-src50c-1",kafka_version="2.8.1",partition="20",topic="topic50c",} NaN
kafka_consumer_fetch_manager_records_lead_min{client_id="consumer-kafka-src50c-1",kafka_version="2.8.1",partition="40",topic="topic50c",} NaN
kafka_consumer_fetch_manager_records_lead_min{client_id="consumer-kafka-src50c-1",kafka_version="2.8.1",partition="32",topic="topic50c",} NaN
kafka_consumer_fetch_manager_records_lead_min{client_id="consumer-kafka-src50c-1",kafka_version="2.8.1",partition="42",topic="topic50c",} NaN
kafka_consumer_fetch_manager_records_lead_min{client_id="consumer-kafka-src50c-1",kafka_version="2.8.1",partition="30",topic="topic50c",} NaN
# HELP kafka_consumer_coordinator_assigned_partitions The number of partitions currently assigned to this consumer
# TYPE kafka_consumer_coordinator_assigned_partitions gauge
kafka_consumer_coordinator_assigned_partitions{client_id="consumer-kafka-src50c-1",kafka_version="2.8.1",} 17.0
# HELP kafka_consumer_fetch_manager_fetch_total The total number of fetch requests.
# TYPE kafka_consumer_fetch_manager_fetch_total counter
kafka_consumer_fetch_manager_fetch_total{client_id="consumer-kafka-src50c-1",kafka_version="2.8.1",} 10832.0
# HELP kafka_consumer_request_rate The number of requests sent per second
# TYPE kafka_consumer_request_rate gauge
kafka_consumer_request_rate{client_id="consumer-kafka-src50c-1",kafka_version="2.8.1",} 5.454773824262977
# HELP kafka_consumer_fetch_manager_records_lag The latest lag of the partition
# TYPE kafka_consumer_fetch_manager_records_lag gauge
kafka_consumer_fetch_manager_records_lag{client_id="consumer-kafka-src50c-1",kafka_version="2.8.1",partition="28",topic="topic50c",} 0.0
kafka_consumer_fetch_manager_records_lag{client_id="consumer-kafka-src50c-1",kafka_version="2.8.1",partition="48",topic="topic50c",} 0.0
kafka_consumer_fetch_manager_records_lag{client_id="consumer-kafka-src50c-1",kafka_version="2.8.1",partition="18",topic="topic50c",} 0.0
kafka_consumer_fetch_manager_records_lag{client_id="consumer-kafka-src50c-1",kafka_version="2.8.1",partition="26",topic="topic50c",} 0.0
kafka_consumer_fetch_manager_records_lag{client_id="consumer-kafka-src50c-1",kafka_version="2.8.1",partition="38",topic="topic50c",} 0.0
kafka_consumer_fetch_manager_records_lag{client_id="consumer-kafka-src50c-1",kafka_version="2.8.1",partition="16",topic="topic50c",} 0.0
kafka_consumer_fetch_manager_records_lag{client_id="consumer-kafka-src50c-1",kafka_version="2.8.1",partition="24",topic="topic50c",} 0.0
kafka_consumer_fetch_manager_records_lag{client_id="consumer-kafka-src50c-1",kafka_version="2.8.1",partition="44",topic="topic50c",} 0.0
kafka_consumer_fetch_manager_records_lag{client_id="consumer-kafka-src50c-1",kafka_version="2.8.1",partition="36",topic="topic50c",} 0.0
kafka_consumer_fetch_manager_records_lag{client_id="consumer-kafka-src50c-1",kafka_version="2.8.1",partition="22",topic="topic50c",} 0.0
kafka_consumer_fetch_manager_records_lag{client_id="consumer-kafka-src50c-1",kafka_version="2.8.1",partition="46",topic="topic50c",} 0.0
kafka_consumer_fetch_manager_records_lag{client_id="consumer-kafka-src50c-1",kafka_version="2.8.1",partition="34",topic="topic50c",} 0.0
kafka_consumer_fetch_manager_records_lag{client_id="consumer-kafka-src50c-1",kafka_version="2.8.1",partition="20",topic="topic50c",} 0.0
kafka_consumer_fetch_manager_records_lag{client_id="consumer-kafka-src50c-1",kafka_version="2.8.1",partition="40",topic="topic50c",} 0.0
kafka_consumer_fetch_manager_records_lag{client_id="consumer-kafka-src50c-1",kafka_version="2.8.1",partition="32",topic="topic50c",} 0.0
kafka_consumer_fetch_manager_records_lag{client_id="consumer-kafka-src50c-1",kafka_version="2.8.1",partition="42",topic="topic50c",} 0.0
kafka_consumer_fetch_manager_records_lag{client_id="consumer-kafka-src50c-1",kafka_version="2.8.1",partition="30",topic="topic50c",} 0.0
# HELP kafka_consumer_fetch_manager_bytes_consumed_total The total number of bytes consumed for a topic
# TYPE kafka_consumer_fetch_manager_bytes_consumed_total counter
kafka_consumer_fetch_manager_bytes_consumed_total{client_id="consumer-kafka-src50c-1",kafka_version="2.8.1",topic="topic50c",} 27457.0
# HELP kafka_consumer_coordinator_partition_assigned_latency_avg The average time taken for a partition-assigned rebalance listener callback
# TYPE kafka_consumer_coordinator_partition_assigned_latency_avg gauge
kafka_consumer_coordinator_partition_assigned_latency_avg{client_id="consumer-kafka-src50c-1",kafka_version="2.8.1",} NaN
# HELP kafka_consumer_coordinator_partition_revoked_latency_avg The average time taken for a partition-revoked rebalance listener callback
# TYPE kafka_consumer_coordinator_partition_revoked_latency_avg gauge
kafka_consumer_coordinator_partition_revoked_latency_avg{client_id="consumer-kafka-src50c-1",kafka_version="2.8.1",} NaN
# HELP kafka_consumer_network_io_total The total number of network operations (reads or writes) on all connections
# TYPE kafka_consumer_network_io_total counter
kafka_consumer_network_io_total{client_id="consumer-kafka-src50c-1",kafka_version="2.8.1",} 28371.0
# HELP kafka_consumer_failed_authentication_total The total number of connections with failed authentication
# TYPE kafka_consumer_failed_authentication_total counter
kafka_consumer_failed_authentication_total{client_id="consumer-kafka-src50c-1",kafka_version="2.8.1",} 0.0
# HELP kafka_consumer_successful_reauthentication_total The total number of successful re-authentication of connections
# TYPE kafka_consumer_successful_reauthentication_total counter
kafka_consumer_successful_reauthentication_total{client_id="consumer-kafka-src50c-1",kafka_version="2.8.1",} 0.0
# HELP kafka_consumer_coordinator_rebalance_total The total number of successful rebalance events, each event is composed of several failed re-trials until it succeeded
# TYPE kafka_consumer_coordinator_rebalance_total counter
kafka_consumer_coordinator_rebalance_total{client_id="consumer-kafka-src50c-1",kafka_version="2.8.1",} 3.0
# HELP kafka_consumer_failed_authentication_rate The number of connections with failed authentication per second
# TYPE kafka_consumer_failed_authentication_rate gauge
kafka_consumer_failed_authentication_rate{client_id="consumer-kafka-src50c-1",kafka_version="2.8.1",} 0.0
# HELP kafka_consumer_request_total The total number of requests sent
# TYPE kafka_consumer_request_total counter
kafka_consumer_request_total{client_id="consumer-kafka-src50c-1",kafka_version="2.8.1",} 14185.0
# HELP kafka_consumer_incoming_byte_rate The number of bytes read off all sockets per second
# TYPE kafka_consumer_incoming_byte_rate gauge
kafka_consumer_incoming_byte_rate{client_id="consumer-kafka-src50c-1",kafka_version="2.8.1",} 112.84563348944035
# HELP kafka_consumer_coordinator_sync_rate The number of group syncs per second
# TYPE kafka_consumer_coordinator_sync_rate gauge
kafka_consumer_coordinator_sync_rate{client_id="consumer-kafka-src50c-1",kafka_version="2.8.1",} 0.0
# HELP kafka_consumer_fetch_manager_fetch_size_max The maximum number of bytes fetched per request for a topic
# TYPE kafka_consumer_fetch_manager_fetch_size_max gauge
kafka_consumer_fetch_manager_fetch_size_max{client_id="consumer-kafka-src50c-1",kafka_version="2.8.1",topic="topic50c",} NaN
# HELP kafka_consumer_coordinator_heartbeat_rate The number of heartbeats per second
# TYPE kafka_consumer_coordinator_heartbeat_rate gauge
kafka_consumer_coordinator_heartbeat_rate{client_id="consumer-kafka-src50c-1",kafka_version="2.8.1",} 0.34375230191273604
# HELP kafka_consumer_coordinator_join_total The total number of group joins
# TYPE kafka_consumer_coordinator_join_total counter
kafka_consumer_coordinator_join_total{client_id="consumer-kafka-src50c-1",kafka_version="2.8.1",} 3.0
# HELP kafka_consumer_successful_authentication_total The total number of connections with successful authentication
# TYPE kafka_consumer_successful_authentication_total counter
kafka_consumer_successful_authentication_total{client_id="consumer-kafka-src50c-1",kafka_version="2.8.1",} 0.0
# HELP kafka_consumer_select_total The total number of times the I/O layer checked for new I/O to perform
# TYPE kafka_consumer_select_total counter
kafka_consumer_select_total{client_id="consumer-kafka-src50c-1",kafka_version="2.8.1",} 58006.0
# HELP kafka_consumer_fetch_manager_fetch_rate The number of fetch requests per second.
# TYPE kafka_consumer_fetch_manager_fetch_rate gauge
kafka_consumer_fetch_manager_fetch_rate{client_id="consumer-kafka-src50c-1",kafka_version="2.8.1",} 5.110288366272097
# HELP kafka_consumer_request_size_avg The average size of requests sent.
# TYPE kafka_consumer_request_size_avg gauge
kafka_consumer_request_size_avg{client_id="consumer-kafka-src50c-1",kafka_version="2.8.1",} 70.22105263157894
# HELP kafka_consumer_failed_reauthentication_rate The number of failed re-authentication of connections per second
# TYPE kafka_consumer_failed_reauthentication_rate gauge
kafka_consumer_failed_reauthentication_rate{client_id="consumer-kafka-src50c-1",kafka_version="2.8.1",} 0.0
# HELP kafka_consumer_response_total The total number of responses received
# TYPE kafka_consumer_response_total counter
kafka_consumer_response_total{client_id="consumer-kafka-src50c-1",kafka_version="2.8.1",} 14182.0
# HELP kafka_consumer_node_request_latency_max 
# TYPE kafka_consumer_node_request_latency_max gauge
kafka_consumer_node_request_latency_max{client_id="consumer-kafka-src50c-1",kafka_version="2.8.1",node_id="node-2147483645",} NaN
kafka_consumer_node_request_latency_max{client_id="consumer-kafka-src50c-1",kafka_version="2.8.1",node_id="node-2",} NaN
kafka_consumer_node_request_latency_max{client_id="consumer-kafka-src50c-1",kafka_version="2.8.1",node_id="node--1",} NaN
kafka_consumer_node_request_latency_max{client_id="consumer-kafka-src50c-1",kafka_version="2.8.1",node_id="node-1",} NaN
kafka_consumer_node_request_latency_max{client_id="consumer-kafka-src50c-1",kafka_version="2.8.1",node_id="node-0",} NaN
# HELP kafka_consumer_connection_count_total The current number of active connections.
# TYPE kafka_consumer_connection_count_total counter
kafka_consumer_connection_count_total{client_id="consumer-kafka-src50c-1",kafka_version="2.8.1",} 4.0
# HELP kafka_consumer_coordinator_rebalance_rate_per_hour The number of successful rebalance events per hour, each event is composed of several failed re-trials until it succeeded
# TYPE kafka_consumer_coordinator_rebalance_rate_per_hour gauge
kafka_consumer_coordinator_rebalance_rate_per_hour{client_id="consumer-kafka-src50c-1",kafka_version="2.8.1",} 0.0
# HELP event_dispatch_latencies_ms_max The time spent dispatching an event to Kafka
# TYPE event_dispatch_latencies_ms_max gauge
event_dispatch_latencies_ms_max{consumer_name="kafka-src50",event_type="dev.knative.kafka.event",name="kafka-src50",namespace_name="default",response_code="200",response_code_class="2xx",} 0.0
# HELP event_dispatch_latencies_ms The time spent dispatching an event to Kafka
# TYPE event_dispatch_latencies_ms histogram
event_dispatch_latencies_ms_bucket{consumer_name="kafka-src50",event_type="dev.knative.kafka.event",name="kafka-src50",namespace_name="default",response_code="200",response_code_class="2xx",le="50.0",} 0.0
event_dispatch_latencies_ms_bucket{consumer_name="kafka-src50",event_type="dev.knative.kafka.event",name="kafka-src50",namespace_name="default",response_code="200",response_code_class="2xx",le="100.0",} 0.0
event_dispatch_latencies_ms_bucket{consumer_name="kafka-src50",event_type="dev.knative.kafka.event",name="kafka-src50",namespace_name="default",response_code="200",response_code_class="2xx",le="500.0",} 0.0
event_dispatch_latencies_ms_bucket{consumer_name="kafka-src50",event_type="dev.knative.kafka.event",name="kafka-src50",namespace_name="default",response_code="200",response_code_class="2xx",le="1000.0",} 0.0
event_dispatch_latencies_ms_bucket{consumer_name="kafka-src50",event_type="dev.knative.kafka.event",name="kafka-src50",namespace_name="default",response_code="200",response_code_class="2xx",le="5000.0",} 0.0
event_dispatch_latencies_ms_bucket{consumer_name="kafka-src50",event_type="dev.knative.kafka.event",name="kafka-src50",namespace_name="default",response_code="200",response_code_class="2xx",le="10000.0",} 0.0
event_dispatch_latencies_ms_bucket{consumer_name="kafka-src50",event_type="dev.knative.kafka.event",name="kafka-src50",namespace_name="default",response_code="200",response_code_class="2xx",le="+Inf",} 1615.0
event_dispatch_latencies_ms_count{consumer_name="kafka-src50",event_type="dev.knative.kafka.event",name="kafka-src50",namespace_name="default",response_code="200",response_code_class="2xx",} 1615.0
event_dispatch_latencies_ms_sum{consumer_name="kafka-src50",event_type="dev.knative.kafka.event",name="kafka-src50",namespace_name="default",response_code="200",response_code_class="2xx",} 5.1261071E7
# HELP kafka_consumer_coordinator_partition_assigned_latency_max The max time taken for a partition-assigned rebalance listener callback
# TYPE kafka_consumer_coordinator_partition_assigned_latency_max gauge
kafka_consumer_coordinator_partition_assigned_latency_max{client_id="consumer-kafka-src50c-1",kafka_version="2.8.1",} NaN
# HELP kafka_consumer_fetch_manager_preferred_read_replica The current read replica for the partition, or -1 if reading from leader
# TYPE kafka_consumer_fetch_manager_preferred_read_replica gauge
kafka_consumer_fetch_manager_preferred_read_replica{client_id="consumer-kafka-src50c-1",kafka_version="2.8.1",partition="28",topic="topic50c",} -1.0
kafka_consumer_fetch_manager_preferred_read_replica{client_id="consumer-kafka-src50c-1",kafka_version="2.8.1",partition="48",topic="topic50c",} -1.0
kafka_consumer_fetch_manager_preferred_read_replica{client_id="consumer-kafka-src50c-1",kafka_version="2.8.1",partition="18",topic="topic50c",} -1.0
kafka_consumer_fetch_manager_preferred_read_replica{client_id="consumer-kafka-src50c-1",kafka_version="2.8.1",partition="26",topic="topic50c",} -1.0
kafka_consumer_fetch_manager_preferred_read_replica{client_id="consumer-kafka-src50c-1",kafka_version="2.8.1",partition="38",topic="topic50c",} -1.0
kafka_consumer_fetch_manager_preferred_read_replica{client_id="consumer-kafka-src50c-1",kafka_version="2.8.1",partition="16",topic="topic50c",} -1.0
kafka_consumer_fetch_manager_preferred_read_replica{client_id="consumer-kafka-src50c-1",kafka_version="2.8.1",partition="24",topic="topic50c",} -1.0
kafka_consumer_fetch_manager_preferred_read_replica{client_id="consumer-kafka-src50c-1",kafka_version="2.8.1",partition="44",topic="topic50c",} -1.0
kafka_consumer_fetch_manager_preferred_read_replica{client_id="consumer-kafka-src50c-1",kafka_version="2.8.1",partition="36",topic="topic50c",} -1.0
kafka_consumer_fetch_manager_preferred_read_replica{client_id="consumer-kafka-src50c-1",kafka_version="2.8.1",partition="22",topic="topic50c",} -1.0
kafka_consumer_fetch_manager_preferred_read_replica{client_id="consumer-kafka-src50c-1",kafka_version="2.8.1",partition="46",topic="topic50c",} -1.0
kafka_consumer_fetch_manager_preferred_read_replica{client_id="consumer-kafka-src50c-1",kafka_version="2.8.1",partition="34",topic="topic50c",} -1.0
kafka_consumer_fetch_manager_preferred_read_replica{client_id="consumer-kafka-src50c-1",kafka_version="2.8.1",partition="20",topic="topic50c",} -1.0
kafka_consumer_fetch_manager_preferred_read_replica{client_id="consumer-kafka-src50c-1",kafka_version="2.8.1",partition="40",topic="topic50c",} -1.0
kafka_consumer_fetch_manager_preferred_read_replica{client_id="consumer-kafka-src50c-1",kafka_version="2.8.1",partition="32",topic="topic50c",} -1.0
kafka_consumer_fetch_manager_preferred_read_replica{client_id="consumer-kafka-src50c-1",kafka_version="2.8.1",partition="42",topic="topic50c",} -1.0
kafka_consumer_fetch_manager_preferred_read_replica{client_id="consumer-kafka-src50c-1",kafka_version="2.8.1",partition="30",topic="topic50c",} -1.0
# HELP executor_queue_latencies_ms_max The time an event spends in an executor queue
# TYPE executor_queue_latencies_ms_max gauge
executor_queue_latencies_ms_max{event_type="dev.knative.kafka.event",} 0.0
# HELP executor_queue_latencies_ms The time an event spends in an executor queue
# TYPE executor_queue_latencies_ms histogram
executor_queue_latencies_ms_bucket{event_type="dev.knative.kafka.event",le="50.0",} 17.0
executor_queue_latencies_ms_bucket{event_type="dev.knative.kafka.event",le="100.0",} 17.0
executor_queue_latencies_ms_bucket{event_type="dev.knative.kafka.event",le="500.0",} 17.0
executor_queue_latencies_ms_bucket{event_type="dev.knative.kafka.event",le="1000.0",} 17.0
executor_queue_latencies_ms_bucket{event_type="dev.knative.kafka.event",le="5000.0",} 17.0
executor_queue_latencies_ms_bucket{event_type="dev.knative.kafka.event",le="10000.0",} 22.0
executor_queue_latencies_ms_bucket{event_type="dev.knative.kafka.event",le="+Inf",} 1615.0
executor_queue_latencies_ms_count{event_type="dev.knative.kafka.event",} 1615.0
executor_queue_latencies_ms_sum{event_type="dev.knative.kafka.event",} 8.06216472E8
# HELP kafka_consumer_io_wait_ratio The fraction of time the I/O thread spent waiting
# TYPE kafka_consumer_io_wait_ratio gauge
kafka_consumer_io_wait_ratio{client_id="consumer-kafka-src50c-1",kafka_version="2.8.1",} 0.8607143451938777
# HELP kafka_consumer_fetch_manager_records_per_request_avg The average number of records in each request for a topic
# TYPE kafka_consumer_fetch_manager_records_per_request_avg gauge
kafka_consumer_fetch_manager_records_per_request_avg{client_id="consumer-kafka-src50c-1",kafka_version="2.8.1",topic="topic50c",} NaN
# HELP kafka_consumer_outgoing_byte_rate The number of outgoing bytes sent to all servers per second
# TYPE kafka_consumer_outgoing_byte_rate gauge
kafka_consumer_outgoing_byte_rate{client_id="consumer-kafka-src50c-1",kafka_version="2.8.1",} 382.8569377904577
# HELP kafka_consumer_node_request_total The total number of requests sent
# TYPE kafka_consumer_node_request_total counter
kafka_consumer_node_request_total{client_id="consumer-kafka-src50c-1",kafka_version="2.8.1",node_id="node-2147483645",} 3336.0
kafka_consumer_node_request_total{client_id="consumer-kafka-src50c-1",kafka_version="2.8.1",node_id="node-2",} 3617.0
kafka_consumer_node_request_total{client_id="consumer-kafka-src50c-1",kafka_version="2.8.1",node_id="node-1",} 3616.0
kafka_consumer_node_request_total{client_id="consumer-kafka-src50c-1",kafka_version="2.8.1",node_id="node--1",} 3.0
kafka_consumer_node_request_total{client_id="consumer-kafka-src50c-1",kafka_version="2.8.1",node_id="node-0",} 3613.0
# HELP kafka_consumer_io_waittime_total The total time the I/O thread spent waiting
# TYPE kafka_consumer_io_waittime_total counter
kafka_consumer_io_waittime_total{client_id="consumer-kafka-src50c-1",kafka_version="2.8.1",} 1.78102180047E12
# HELP kafka_consumer_response_rate The number of responses received per second
# TYPE kafka_consumer_response_rate gauge
kafka_consumer_response_rate{client_id="consumer-kafka-src50c-1",kafka_version="2.8.1",} 5.454773824262977
# HELP kafka_consumer_iotime_total The total time the I/O thread spent doing I/O
# TYPE kafka_consumer_iotime_total counter
kafka_consumer_iotime_total{client_id="consumer-kafka-src50c-1",kafka_version="2.8.1",} 2.168969619E9
# HELP kafka_consumer_time_between_poll_max The max delay between invocations of poll().
# TYPE kafka_consumer_time_between_poll_max gauge
kafka_consumer_time_between_poll_max{client_id="consumer-kafka-src50c-1",kafka_version="2.8.1",} 1201.0
# HELP kafka_consumer_fetch_manager_fetch_size_avg The average number of bytes fetched per request for a topic
# TYPE kafka_consumer_fetch_manager_fetch_size_avg gauge
kafka_consumer_fetch_manager_fetch_size_avg{client_id="consumer-kafka-src50c-1",kafka_version="2.8.1",topic="topic50c",} NaN
# HELP kafka_consumer_coordinator_sync_time_avg The average time taken for a group sync
# TYPE kafka_consumer_coordinator_sync_time_avg gauge
kafka_consumer_coordinator_sync_time_avg{client_id="consumer-kafka-src50c-1",kafka_version="2.8.1",} NaN
# HELP kafka_consumer_fetch_manager_records_lag_max The max lag of the partition
# TYPE kafka_consumer_fetch_manager_records_lag_max gauge
kafka_consumer_fetch_manager_records_lag_max{client_id="consumer-kafka-src50c-1",kafka_version="2.8.1",partition="28",topic="topic50c",} NaN
kafka_consumer_fetch_manager_records_lag_max{client_id="consumer-kafka-src50c-1",kafka_version="2.8.1",partition="18",topic="topic50c",} NaN
kafka_consumer_fetch_manager_records_lag_max{client_id="consumer-kafka-src50c-1",kafka_version="2.8.1",partition="48",topic="topic50c",} NaN
kafka_consumer_fetch_manager_records_lag_max{client_id="consumer-kafka-src50c-1",kafka_version="2.8.1",partition="26",topic="topic50c",} NaN
kafka_consumer_fetch_manager_records_lag_max{client_id="consumer-kafka-src50c-1",kafka_version="2.8.1",partition="38",topic="topic50c",} NaN
kafka_consumer_fetch_manager_records_lag_max{client_id="consumer-kafka-src50c-1",kafka_version="2.8.1",partition="16",topic="topic50c",} NaN
kafka_consumer_fetch_manager_records_lag_max{client_id="consumer-kafka-src50c-1",kafka_version="2.8.1",partition="24",topic="topic50c",} NaN
kafka_consumer_fetch_manager_records_lag_max{client_id="consumer-kafka-src50c-1",kafka_version="2.8.1",partition="36",topic="topic50c",} NaN
kafka_consumer_fetch_manager_records_lag_max{client_id="consumer-kafka-src50c-1",kafka_version="2.8.1",partition="44",topic="topic50c",} NaN
kafka_consumer_fetch_manager_records_lag_max{client_id="consumer-kafka-src50c-1",kafka_version="2.8.1",partition="22",topic="topic50c",} NaN
kafka_consumer_fetch_manager_records_lag_max{client_id="consumer-kafka-src50c-1",kafka_version="2.8.1",partition="34",topic="topic50c",} NaN
kafka_consumer_fetch_manager_records_lag_max{client_id="consumer-kafka-src50c-1",kafka_version="2.8.1",partition="46",topic="topic50c",} NaN
kafka_consumer_fetch_manager_records_lag_max{client_id="consumer-kafka-src50c-1",kafka_version="2.8.1",partition="20",topic="topic50c",} NaN
kafka_consumer_fetch_manager_records_lag_max{client_id="consumer-kafka-src50c-1",kafka_version="2.8.1",partition="32",topic="topic50c",} NaN
kafka_consumer_fetch_manager_records_lag_max{client_id="consumer-kafka-src50c-1",kafka_version="2.8.1",partition="40",topic="topic50c",} NaN
kafka_consumer_fetch_manager_records_lag_max{client_id="consumer-kafka-src50c-1",kafka_version="2.8.1",partition="30",topic="topic50c",} NaN
kafka_consumer_fetch_manager_records_lag_max{client_id="consumer-kafka-src50c-1",kafka_version="2.8.1",partition="42",topic="topic50c",} NaN
# HELP kafka_consumer_coordinator_heartbeat_response_time_max The max time taken to receive a response to a heartbeat request
# TYPE kafka_consumer_coordinator_heartbeat_response_time_max gauge
kafka_consumer_coordinator_heartbeat_response_time_max{client_id="consumer-kafka-src50c-1",kafka_version="2.8.1",} 99.0
# HELP kafka_consumer_node_request_size_max The maximum size of any request sent.
# TYPE kafka_consumer_node_request_size_max gauge
kafka_consumer_node_request_size_max{client_id="consumer-kafka-src50c-1",kafka_version="2.8.1",node_id="node-2147483645",} 118.0
kafka_consumer_node_request_size_max{client_id="consumer-kafka-src50c-1",kafka_version="2.8.1",node_id="node-2",} 67.0
kafka_consumer_node_request_size_max{client_id="consumer-kafka-src50c-1",kafka_version="2.8.1",node_id="node-1",} 67.0
kafka_consumer_node_request_size_max{client_id="consumer-kafka-src50c-1",kafka_version="2.8.1",node_id="node--1",} NaN
kafka_consumer_node_request_size_max{client_id="consumer-kafka-src50c-1",kafka_version="2.8.1",node_id="node-0",} 67.0
# HELP kafka_consumer_coordinator_commit_latency_avg The average time taken for a commit request
# TYPE kafka_consumer_coordinator_commit_latency_avg gauge
kafka_consumer_coordinator_commit_latency_avg{client_id="consumer-kafka-src50c-1",kafka_version="2.8.1",} NaN
# HELP kafka_consumer_fetch_manager_fetch_throttle_time_avg The average throttle time in ms
# TYPE kafka_consumer_fetch_manager_fetch_throttle_time_avg gauge
kafka_consumer_fetch_manager_fetch_throttle_time_avg{client_id="consumer-kafka-src50c-1",kafka_version="2.8.1",} 0.0
# HELP kafka_consumer_coordinator_join_rate The number of group joins per second
# TYPE kafka_consumer_coordinator_join_rate gauge
kafka_consumer_coordinator_join_rate{client_id="consumer-kafka-src50c-1",kafka_version="2.8.1",} 0.0
# HELP kafka_consumer_fetch_manager_fetch_latency_max The max time taken for any fetch request.
# TYPE kafka_consumer_fetch_manager_fetch_latency_max gauge
kafka_consumer_fetch_manager_fetch_latency_max{client_id="consumer-kafka-src50c-1",kafka_version="2.8.1",} 601.0
# HELP kafka_consumer_failed_reauthentication_total The total number of failed re-authentication of connections
# TYPE kafka_consumer_failed_reauthentication_total counter
kafka_consumer_failed_reauthentication_total{client_id="consumer-kafka-src50c-1",kafka_version="2.8.1",} 0.0
# HELP kafka_consumer_connection_creation_rate The number of new connections established per second
# TYPE kafka_consumer_connection_creation_rate gauge
kafka_consumer_connection_creation_rate{client_id="consumer-kafka-src50c-1",kafka_version="2.8.1",} 0.0
# HELP kafka_consumer_io_time_ns_avg The average length of time for I/O per select call in nanoseconds.
# TYPE kafka_consumer_io_time_ns_avg gauge
kafka_consumer_io_time_ns_avg{client_id="consumer-kafka-src50c-1",kafka_version="2.8.1",} 53781.573070607556
# HELP kafka_consumer_coordinator_sync_total The total number of group syncs
# TYPE kafka_consumer_coordinator_sync_total counter
kafka_consumer_coordinator_sync_total{client_id="consumer-kafka-src50c-1",kafka_version="2.8.1",} 3.0
# HELP kafka_consumer_coordinator_failed_rebalance_rate_per_hour The number of failed rebalance events per hour
# TYPE kafka_consumer_coordinator_failed_rebalance_rate_per_hour gauge
kafka_consumer_coordinator_failed_rebalance_rate_per_hour{client_id="consumer-kafka-src50c-1",kafka_version="2.8.1",} 0.0
# HELP kafka_consumer_coordinator_rebalance_latency_total The total number of milliseconds this consumer has spent in successful rebalances since creation
# TYPE kafka_consumer_coordinator_rebalance_latency_total counter
kafka_consumer_coordinator_rebalance_latency_total{client_id="consumer-kafka-src50c-1",kafka_version="2.8.1",} 3938.0
# HELP kafka_consumer_connection_close_rate The number of connections closed per second
# TYPE kafka_consumer_connection_close_rate gauge
kafka_consumer_connection_close_rate{client_id="consumer-kafka-src50c-1",kafka_version="2.8.1",} 0.0
# HELP kafka_consumer_time_between_poll_avg The average delay between invocations of poll().
# TYPE kafka_consumer_time_between_poll_avg gauge
kafka_consumer_time_between_poll_avg{client_id="consumer-kafka-src50c-1",kafka_version="2.8.1",} 1178.5714285714287
# HELP kafka_consumer_network_io_rate The number of network operations (reads or writes) on all connections per second
# TYPE kafka_consumer_network_io_rate gauge
kafka_consumer_network_io_rate{client_id="consumer-kafka-src50c-1",kafka_version="2.8.1",} 10.909351898370774
# HELP kafka_consumer_fetch_manager_fetch_throttle_time_max The maximum throttle time in ms
# TYPE kafka_consumer_fetch_manager_fetch_throttle_time_max gauge
kafka_consumer_fetch_manager_fetch_throttle_time_max{client_id="consumer-kafka-src50c-1",kafka_version="2.8.1",} 0.0
# HELP kafka_consumer_fetch_manager_records_lead The latest lead of the partition
# TYPE kafka_consumer_fetch_manager_records_lead gauge
kafka_consumer_fetch_manager_records_lead{client_id="consumer-kafka-src50c-1",kafka_version="2.8.1",partition="28",topic="topic50c",} 100.0
kafka_consumer_fetch_manager_records_lead{client_id="consumer-kafka-src50c-1",kafka_version="2.8.1",partition="18",topic="topic50c",} 100.0
kafka_consumer_fetch_manager_records_lead{client_id="consumer-kafka-src50c-1",kafka_version="2.8.1",partition="48",topic="topic50c",} 100.0
kafka_consumer_fetch_manager_records_lead{client_id="consumer-kafka-src50c-1",kafka_version="2.8.1",partition="26",topic="topic50c",} 100.0
kafka_consumer_fetch_manager_records_lead{client_id="consumer-kafka-src50c-1",kafka_version="2.8.1",partition="38",topic="topic50c",} 100.0
kafka_consumer_fetch_manager_records_lead{client_id="consumer-kafka-src50c-1",kafka_version="2.8.1",partition="16",topic="topic50c",} 100.0
kafka_consumer_fetch_manager_records_lead{client_id="consumer-kafka-src50c-1",kafka_version="2.8.1",partition="24",topic="topic50c",} 100.0
kafka_consumer_fetch_manager_records_lead{client_id="consumer-kafka-src50c-1",kafka_version="2.8.1",partition="36",topic="topic50c",} 100.0
kafka_consumer_fetch_manager_records_lead{client_id="consumer-kafka-src50c-1",kafka_version="2.8.1",partition="44",topic="topic50c",} 100.0
kafka_consumer_fetch_manager_records_lead{client_id="consumer-kafka-src50c-1",kafka_version="2.8.1",partition="22",topic="topic50c",} 100.0
kafka_consumer_fetch_manager_records_lead{client_id="consumer-kafka-src50c-1",kafka_version="2.8.1",partition="34",topic="topic50c",} 100.0
kafka_consumer_fetch_manager_records_lead{client_id="consumer-kafka-src50c-1",kafka_version="2.8.1",partition="46",topic="topic50c",} 100.0
kafka_consumer_fetch_manager_records_lead{client_id="consumer-kafka-src50c-1",kafka_version="2.8.1",partition="20",topic="topic50c",} 100.0
kafka_consumer_fetch_manager_records_lead{client_id="consumer-kafka-src50c-1",kafka_version="2.8.1",partition="32",topic="topic50c",} 100.0
kafka_consumer_fetch_manager_records_lead{client_id="consumer-kafka-src50c-1",kafka_version="2.8.1",partition="40",topic="topic50c",} 100.0
kafka_consumer_fetch_manager_records_lead{client_id="consumer-kafka-src50c-1",kafka_version="2.8.1",partition="30",topic="topic50c",} 100.0
kafka_consumer_fetch_manager_records_lead{client_id="consumer-kafka-src50c-1",kafka_version="2.8.1",partition="42",topic="topic50c",} 100.0
# HELP kafka_consumer_coordinator_commit_rate The number of commit calls per second
# TYPE kafka_consumer_coordinator_commit_rate gauge
kafka_consumer_coordinator_commit_rate{client_id="consumer-kafka-src50c-1",kafka_version="2.8.1",} 0.0
# HELP kafka_consumer_coordinator_last_rebalance_seconds_ago The number of seconds since the last successful rebalance event
# TYPE kafka_consumer_coordinator_last_rebalance_seconds_ago gauge
kafka_consumer_coordinator_last_rebalance_seconds_ago{client_id="consumer-kafka-src50c-1",kafka_version="2.8.1",} 2304.0
# HELP kafka_consumer_coordinator_last_heartbeat_seconds_ago The number of seconds since the last coordinator heartbeat was sent
# TYPE kafka_consumer_coordinator_last_heartbeat_seconds_ago gauge
kafka_consumer_coordinator_last_heartbeat_seconds_ago{client_id="consumer-kafka-src50c-1",kafka_version="2.8.1",} 1.0
# HELP kafka_consumer_fetch_manager_records_lead_avg The average lead of the partition
# TYPE kafka_consumer_fetch_manager_records_lead_avg gauge
kafka_consumer_fetch_manager_records_lead_avg{client_id="consumer-kafka-src50c-1",kafka_version="2.8.1",partition="28",topic="topic50c",} NaN
kafka_consumer_fetch_manager_records_lead_avg{client_id="consumer-kafka-src50c-1",kafka_version="2.8.1",partition="18",topic="topic50c",} NaN
kafka_consumer_fetch_manager_records_lead_avg{client_id="consumer-kafka-src50c-1",kafka_version="2.8.1",partition="48",topic="topic50c",} NaN
kafka_consumer_fetch_manager_records_lead_avg{client_id="consumer-kafka-src50c-1",kafka_version="2.8.1",partition="26",topic="topic50c",} NaN
kafka_consumer_fetch_manager_records_lead_avg{client_id="consumer-kafka-src50c-1",kafka_version="2.8.1",partition="38",topic="topic50c",} NaN
kafka_consumer_fetch_manager_records_lead_avg{client_id="consumer-kafka-src50c-1",kafka_version="2.8.1",partition="16",topic="topic50c",} NaN
kafka_consumer_fetch_manager_records_lead_avg{client_id="consumer-kafka-src50c-1",kafka_version="2.8.1",partition="24",topic="topic50c",} NaN
kafka_consumer_fetch_manager_records_lead_avg{client_id="consumer-kafka-src50c-1",kafka_version="2.8.1",partition="36",topic="topic50c",} NaN
kafka_consumer_fetch_manager_records_lead_avg{client_id="consumer-kafka-src50c-1",kafka_version="2.8.1",partition="44",topic="topic50c",} NaN
kafka_consumer_fetch_manager_records_lead_avg{client_id="consumer-kafka-src50c-1",kafka_version="2.8.1",partition="22",topic="topic50c",} NaN
kafka_consumer_fetch_manager_records_lead_avg{client_id="consumer-kafka-src50c-1",kafka_version="2.8.1",partition="34",topic="topic50c",} NaN
kafka_consumer_fetch_manager_records_lead_avg{client_id="consumer-kafka-src50c-1",kafka_version="2.8.1",partition="46",topic="topic50c",} NaN
kafka_consumer_fetch_manager_records_lead_avg{client_id="consumer-kafka-src50c-1",kafka_version="2.8.1",partition="20",topic="topic50c",} NaN
kafka_consumer_fetch_manager_records_lead_avg{client_id="consumer-kafka-src50c-1",kafka_version="2.8.1",partition="40",topic="topic50c",} NaN
kafka_consumer_fetch_manager_records_lead_avg{client_id="consumer-kafka-src50c-1",kafka_version="2.8.1",partition="32",topic="topic50c",} NaN
kafka_consumer_fetch_manager_records_lead_avg{client_id="consumer-kafka-src50c-1",kafka_version="2.8.1",partition="42",topic="topic50c",} NaN
kafka_consumer_fetch_manager_records_lead_avg{client_id="consumer-kafka-src50c-1",kafka_version="2.8.1",partition="30",topic="topic50c",} NaN
# HELP kafka_consumer_coordinator_partition_lost_latency_max The max time taken for a partition-lost rebalance listener callback
# TYPE kafka_consumer_coordinator_partition_lost_latency_max gauge
kafka_consumer_coordinator_partition_lost_latency_max{client_id="consumer-kafka-src50c-1",kafka_version="2.8.1",} NaN
# HELP kafka_consumer_reauthentication_latency_max The max latency observed due to re-authentication
# TYPE kafka_consumer_reauthentication_latency_max gauge
kafka_consumer_reauthentication_latency_max{client_id="consumer-kafka-src50c-1",kafka_version="2.8.1",} NaN
# HELP kafka_consumer_coordinator_heartbeat_total The total number of heartbeats
# TYPE kafka_consumer_coordinator_heartbeat_total counter
kafka_consumer_coordinator_heartbeat_total{client_id="consumer-kafka-src50c-1",kafka_version="2.8.1",} 1716.0
# HELP kafka_consumer_poll_idle_ratio_avg The average fraction of time the consumer's poll() is idle as opposed to waiting for the user code to process records.
# TYPE kafka_consumer_poll_idle_ratio_avg gauge
kafka_consumer_poll_idle_ratio_avg{client_id="consumer-kafka-src50c-1",kafka_version="2.8.1",} 0.4591138716767019
# HELP kafka_consumer_fetch_manager_fetch_latency_avg The average time taken for a fetch request.
# TYPE kafka_consumer_fetch_manager_fetch_latency_avg gauge
kafka_consumer_fetch_manager_fetch_latency_avg{client_id="consumer-kafka-src50c-1",kafka_version="2.8.1",} 543.9455782312925
# HELP kafka_consumer_outgoing_byte_total The total number of outgoing bytes sent to all servers
# TYPE kafka_consumer_outgoing_byte_total counter
kafka_consumer_outgoing_byte_total{client_id="consumer-kafka-src50c-1",kafka_version="2.8.1",} 1209853.0
# HELP kafka_consumer_connection_close_total The total number of connections closed
# TYPE kafka_consumer_connection_close_total counter
kafka_consumer_connection_close_total{client_id="consumer-kafka-src50c-1",kafka_version="2.8.1",} 1.0
# HELP kafka_consumer_node_outgoing_byte_total The total number of outgoing bytes
# TYPE kafka_consumer_node_outgoing_byte_total counter
kafka_consumer_node_outgoing_byte_total{client_id="consumer-kafka-src50c-1",kafka_version="2.8.1",node_id="node-2147483645",} 442212.0
kafka_consumer_node_outgoing_byte_total{client_id="consumer-kafka-src50c-1",kafka_version="2.8.1",node_id="node-2",} 256694.0
kafka_consumer_node_outgoing_byte_total{client_id="consumer-kafka-src50c-1",kafka_version="2.8.1",node_id="node--1",} 184.0
kafka_consumer_node_outgoing_byte_total{client_id="consumer-kafka-src50c-1",kafka_version="2.8.1",node_id="node-1",} 254947.0
kafka_consumer_node_outgoing_byte_total{client_id="consumer-kafka-src50c-1",kafka_version="2.8.1",node_id="node-0",} 255816.0
# HELP event_count_1_total Number of events received
# TYPE event_count_1_total counter
event_count_1_total{consumer_name="kafka-src50",event_type="dev.knative.kafka.event",name="kafka-src50",namespace_name="default",response_code="200",response_code_class="2xx",} 1615.0
# HELP kafka_consumer_coordinator_partition_revoked_latency_max The max time taken for a partition-revoked rebalance listener callback
# TYPE kafka_consumer_coordinator_partition_revoked_latency_max gauge
kafka_consumer_coordinator_partition_revoked_latency_max{client_id="consumer-kafka-src50c-1",kafka_version="2.8.1",} NaN
# HELP kafka_app_info_start_time_ms Metric indicating start-time-ms
# TYPE kafka_app_info_start_time_ms gauge
kafka_app_info_start_time_ms{client_id="consumer-kafka-src50c-1",kafka_version="2.8.1",} 1.657034181085E12
# HELP event_processing_latencies_ms_max The time spent processing an event
# TYPE event_processing_latencies_ms_max gauge
event_processing_latencies_ms_max{consumer_name="kafka-src50",event_type="dev.knative.kafka.event",name="kafka-src50",namespace_name="default",} 0.0
# HELP event_processing_latencies_ms The time spent processing an event
# TYPE event_processing_latencies_ms histogram
event_processing_latencies_ms_bucket{consumer_name="kafka-src50",event_type="dev.knative.kafka.event",name="kafka-src50",namespace_name="default",le="50.0",} 17.0
event_processing_latencies_ms_bucket{consumer_name="kafka-src50",event_type="dev.knative.kafka.event",name="kafka-src50",namespace_name="default",le="100.0",} 17.0
event_processing_latencies_ms_bucket{consumer_name="kafka-src50",event_type="dev.knative.kafka.event",name="kafka-src50",namespace_name="default",le="500.0",} 17.0
event_processing_latencies_ms_bucket{consumer_name="kafka-src50",event_type="dev.knative.kafka.event",name="kafka-src50",namespace_name="default",le="1000.0",} 17.0
event_processing_latencies_ms_bucket{consumer_name="kafka-src50",event_type="dev.knative.kafka.event",name="kafka-src50",namespace_name="default",le="5000.0",} 17.0
event_processing_latencies_ms_bucket{consumer_name="kafka-src50",event_type="dev.knative.kafka.event",name="kafka-src50",namespace_name="default",le="10000.0",} 22.0
event_processing_latencies_ms_bucket{consumer_name="kafka-src50",event_type="dev.knative.kafka.event",name="kafka-src50",namespace_name="default",le="+Inf",} 1615.0
event_processing_latencies_ms_count{consumer_name="kafka-src50",event_type="dev.knative.kafka.event",name="kafka-src50",namespace_name="default",} 1615.0
event_processing_latencies_ms_sum{consumer_name="kafka-src50",event_type="dev.knative.kafka.event",name="kafka-src50",namespace_name="default",} 8.06216606E8
# HELP kafka_consumer_coordinator_rebalance_latency_max The max time taken for a group to complete a successful rebalance, which may be composed of several failed re-trials until it succeeded
# TYPE kafka_consumer_coordinator_rebalance_latency_max gauge
kafka_consumer_coordinator_rebalance_latency_max{client_id="consumer-kafka-src50c-1",kafka_version="2.8.1",} NaN
# HELP kafka_consumer_incoming_byte_total The total number of bytes read off all sockets
# TYPE kafka_consumer_incoming_byte_total counter
kafka_consumer_incoming_byte_total{client_id="consumer-kafka-src50c-1",kafka_version="2.8.1",} 509912.0
# HELP kafka_consumer_node_request_latency_avg 
# TYPE kafka_consumer_node_request_latency_avg gauge
kafka_consumer_node_request_latency_avg{client_id="consumer-kafka-src50c-1",kafka_version="2.8.1",node_id="node-2147483645",} NaN
kafka_consumer_node_request_latency_avg{client_id="consumer-kafka-src50c-1",kafka_version="2.8.1",node_id="node-2",} NaN
kafka_consumer_node_request_latency_avg{client_id="consumer-kafka-src50c-1",kafka_version="2.8.1",node_id="node--1",} NaN
kafka_consumer_node_request_latency_avg{client_id="consumer-kafka-src50c-1",kafka_version="2.8.1",node_id="node-1",} NaN
kafka_consumer_node_request_latency_avg{client_id="consumer-kafka-src50c-1",kafka_version="2.8.1",node_id="node-0",} NaN
# HELP kafka_consumer_fetch_manager_records_consumed_total The total number of records consumed for a topic
# TYPE kafka_consumer_fetch_manager_records_consumed_total counter
kafka_consumer_fetch_manager_records_consumed_total{client_id="consumer-kafka-src50c-1",kafka_version="2.8.1",topic="topic50c",} 1615.0
# HELP kafka_consumer_coordinator_sync_time_max The max time taken for a group sync
# TYPE kafka_consumer_coordinator_sync_time_max gauge
kafka_consumer_coordinator_sync_time_max{client_id="consumer-kafka-src50c-1",kafka_version="2.8.1",} NaN
# HELP kafka_consumer_fetch_manager_records_lag_avg The average lag of the partition
# TYPE kafka_consumer_fetch_manager_records_lag_avg gauge
kafka_consumer_fetch_manager_records_lag_avg{client_id="consumer-kafka-src50c-1",kafka_version="2.8.1",partition="28",topic="topic50c",} NaN
kafka_consumer_fetch_manager_records_lag_avg{client_id="consumer-kafka-src50c-1",kafka_version="2.8.1",partition="18",topic="topic50c",} NaN
kafka_consumer_fetch_manager_records_lag_avg{client_id="consumer-kafka-src50c-1",kafka_version="2.8.1",partition="48",topic="topic50c",} NaN
kafka_consumer_fetch_manager_records_lag_avg{client_id="consumer-kafka-src50c-1",kafka_version="2.8.1",partition="26",topic="topic50c",} NaN
kafka_consumer_fetch_manager_records_lag_avg{client_id="consumer-kafka-src50c-1",kafka_version="2.8.1",partition="38",topic="topic50c",} NaN
kafka_consumer_fetch_manager_records_lag_avg{client_id="consumer-kafka-src50c-1",kafka_version="2.8.1",partition="16",topic="topic50c",} NaN
kafka_consumer_fetch_manager_records_lag_avg{client_id="consumer-kafka-src50c-1",kafka_version="2.8.1",partition="24",topic="topic50c",} NaN
kafka_consumer_fetch_manager_records_lag_avg{client_id="consumer-kafka-src50c-1",kafka_version="2.8.1",partition="36",topic="topic50c",} NaN
kafka_consumer_fetch_manager_records_lag_avg{client_id="consumer-kafka-src50c-1",kafka_version="2.8.1",partition="44",topic="topic50c",} NaN
kafka_consumer_fetch_manager_records_lag_avg{client_id="consumer-kafka-src50c-1",kafka_version="2.8.1",partition="22",topic="topic50c",} NaN
kafka_consumer_fetch_manager_records_lag_avg{client_id="consumer-kafka-src50c-1",kafka_version="2.8.1",partition="34",topic="topic50c",} NaN
kafka_consumer_fetch_manager_records_lag_avg{client_id="consumer-kafka-src50c-1",kafka_version="2.8.1",partition="46",topic="topic50c",} NaN
kafka_consumer_fetch_manager_records_lag_avg{client_id="consumer-kafka-src50c-1",kafka_version="2.8.1",partition="20",topic="topic50c",} NaN
kafka_consumer_fetch_manager_records_lag_avg{client_id="consumer-kafka-src50c-1",kafka_version="2.8.1",partition="32",topic="topic50c",} NaN
kafka_consumer_fetch_manager_records_lag_avg{client_id="consumer-kafka-src50c-1",kafka_version="2.8.1",partition="40",topic="topic50c",} NaN
kafka_consumer_fetch_manager_records_lag_avg{client_id="consumer-kafka-src50c-1",kafka_version="2.8.1",partition="30",topic="topic50c",} NaN
kafka_consumer_fetch_manager_records_lag_avg{client_id="consumer-kafka-src50c-1",kafka_version="2.8.1",partition="42",topic="topic50c",} NaN