# HELP kafka_consumer_response_rate The number of responses received per second
# TYPE kafka_consumer_response_rate gauge
kafka_consumer_response_rate{client_id="consumer-kafka-src50c-1",kafka_version="2.8.1",} 5.412077478161793
# HELP kafka_consumer_fetch_manager_records_lead_avg The average lead of the partition
# TYPE kafka_consumer_fetch_manager_records_lead_avg gauge
kafka_consumer_fetch_manager_records_lead_avg{client_id="consumer-kafka-src50c-1",kafka_version="2.8.1",partition="19",topic="topic50c",} NaN
kafka_consumer_fetch_manager_records_lead_avg{client_id="consumer-kafka-src50c-1",kafka_version="2.8.1",partition="39",topic="topic50c",} NaN
kafka_consumer_fetch_manager_records_lead_avg{client_id="consumer-kafka-src50c-1",kafka_version="2.8.1",partition="17",topic="topic50c",} NaN
kafka_consumer_fetch_manager_records_lead_avg{client_id="consumer-kafka-src50c-1",kafka_version="2.8.1",partition="49",topic="topic50c",} NaN
kafka_consumer_fetch_manager_records_lead_avg{client_id="consumer-kafka-src50c-1",kafka_version="2.8.1",partition="29",topic="topic50c",} NaN
kafka_consumer_fetch_manager_records_lead_avg{client_id="consumer-kafka-src50c-1",kafka_version="2.8.1",partition="37",topic="topic50c",} NaN
kafka_consumer_fetch_manager_records_lead_avg{client_id="consumer-kafka-src50c-1",kafka_version="2.8.1",partition="27",topic="topic50c",} NaN
kafka_consumer_fetch_manager_records_lead_avg{client_id="consumer-kafka-src50c-1",kafka_version="2.8.1",partition="35",topic="topic50c",} NaN
kafka_consumer_fetch_manager_records_lead_avg{client_id="consumer-kafka-src50c-1",kafka_version="2.8.1",partition="45",topic="topic50c",} NaN
kafka_consumer_fetch_manager_records_lead_avg{client_id="consumer-kafka-src50c-1",kafka_version="2.8.1",partition="25",topic="topic50c",} NaN
kafka_consumer_fetch_manager_records_lead_avg{client_id="consumer-kafka-src50c-1",kafka_version="2.8.1",partition="33",topic="topic50c",} NaN
kafka_consumer_fetch_manager_records_lead_avg{client_id="consumer-kafka-src50c-1",kafka_version="2.8.1",partition="47",topic="topic50c",} NaN
kafka_consumer_fetch_manager_records_lead_avg{client_id="consumer-kafka-src50c-1",kafka_version="2.8.1",partition="23",topic="topic50c",} NaN
kafka_consumer_fetch_manager_records_lead_avg{client_id="consumer-kafka-src50c-1",kafka_version="2.8.1",partition="41",topic="topic50c",} NaN
kafka_consumer_fetch_manager_records_lead_avg{client_id="consumer-kafka-src50c-1",kafka_version="2.8.1",partition="31",topic="topic50c",} NaN
kafka_consumer_fetch_manager_records_lead_avg{client_id="consumer-kafka-src50c-1",kafka_version="2.8.1",partition="21",topic="topic50c",} NaN
kafka_consumer_fetch_manager_records_lead_avg{client_id="consumer-kafka-src50c-1",kafka_version="2.8.1",partition="43",topic="topic50c",} NaN
# HELP kafka_consumer_outgoing_byte_rate The number of outgoing bytes sent to all servers per second
# TYPE kafka_consumer_outgoing_byte_rate gauge
kafka_consumer_outgoing_byte_rate{client_id="consumer-kafka-src50c-1",kafka_version="2.8.1",} 380.7570583826102
# HELP kafka_consumer_coordinator_join_rate The number of group joins per second
# TYPE kafka_consumer_coordinator_join_rate gauge
kafka_consumer_coordinator_join_rate{client_id="consumer-kafka-src50c-1",kafka_version="2.8.1",} 0.0
# HELP kafka_consumer_select_rate The number of times the I/O layer checked for new I/O to perform per second
# TYPE kafka_consumer_select_rate gauge
kafka_consumer_select_rate{client_id="consumer-kafka-src50c-1",kafka_version="2.8.1",} 10.397885413202163
# HELP kafka_consumer_coordinator_join_time_avg The average time taken for a group rejoin
# TYPE kafka_consumer_coordinator_join_time_avg gauge
kafka_consumer_coordinator_join_time_avg{client_id="consumer-kafka-src50c-1",kafka_version="2.8.1",} NaN
# HELP kafka_consumer_request_size_max The maximum size of any request sent.
# TYPE kafka_consumer_request_size_max gauge
kafka_consumer_request_size_max{client_id="consumer-kafka-src50c-1",kafka_version="2.8.1",} 118.0
# HELP kafka_consumer_coordinator_rebalance_rate_per_hour The number of successful rebalance events per hour, each event is composed of several failed re-trials until it succeeded
# TYPE kafka_consumer_coordinator_rebalance_rate_per_hour gauge
kafka_consumer_coordinator_rebalance_rate_per_hour{client_id="consumer-kafka-src50c-1",kafka_version="2.8.1",} 0.0
# HELP kafka_consumer_fetch_manager_records_per_request_avg The average number of records in each request for a topic
# TYPE kafka_consumer_fetch_manager_records_per_request_avg gauge
kafka_consumer_fetch_manager_records_per_request_avg{client_id="consumer-kafka-src50c-1",kafka_version="2.8.1",topic="topic50c",} NaN
# HELP kafka_consumer_node_request_rate The number of requests sent per second
# TYPE kafka_consumer_node_request_rate gauge
kafka_consumer_node_request_rate{client_id="consumer-kafka-src50c-1",kafka_version="2.8.1",node_id="node-2147483645",} 0.3539528201711466
kafka_consumer_node_request_rate{client_id="consumer-kafka-src50c-1",kafka_version="2.8.1",node_id="node-2",} 1.688903901368012
kafka_consumer_node_request_rate{client_id="consumer-kafka-src50c-1",kafka_version="2.8.1",node_id="node-1",} 1.6939906399839215
kafka_consumer_node_request_rate{client_id="consumer-kafka-src50c-1",kafka_version="2.8.1",node_id="node--1",} 0.0
kafka_consumer_node_request_rate{client_id="consumer-kafka-src50c-1",kafka_version="2.8.1",node_id="node-0",} 1.6930805739820698
# HELP kafka_consumer_failed_authentication_rate The number of connections with failed authentication per second
# TYPE kafka_consumer_failed_authentication_rate gauge
kafka_consumer_failed_authentication_rate{client_id="consumer-kafka-src50c-1",kafka_version="2.8.1",} 0.0
# HELP kafka_consumer_coordinator_sync_total The total number of group syncs
# TYPE kafka_consumer_coordinator_sync_total counter
kafka_consumer_coordinator_sync_total{client_id="consumer-kafka-src50c-1",kafka_version="2.8.1",} 3.0
# HELP kafka_consumer_fetch_manager_records_lag_avg The average lag of the partition
# TYPE kafka_consumer_fetch_manager_records_lag_avg gauge
kafka_consumer_fetch_manager_records_lag_avg{client_id="consumer-kafka-src50c-1",kafka_version="2.8.1",partition="19",topic="topic50c",} NaN
kafka_consumer_fetch_manager_records_lag_avg{client_id="consumer-kafka-src50c-1",kafka_version="2.8.1",partition="17",topic="topic50c",} NaN
kafka_consumer_fetch_manager_records_lag_avg{client_id="consumer-kafka-src50c-1",kafka_version="2.8.1",partition="39",topic="topic50c",} NaN
kafka_consumer_fetch_manager_records_lag_avg{client_id="consumer-kafka-src50c-1",kafka_version="2.8.1",partition="49",topic="topic50c",} NaN
kafka_consumer_fetch_manager_records_lag_avg{client_id="consumer-kafka-src50c-1",kafka_version="2.8.1",partition="29",topic="topic50c",} NaN
kafka_consumer_fetch_manager_records_lag_avg{client_id="consumer-kafka-src50c-1",kafka_version="2.8.1",partition="37",topic="topic50c",} NaN
kafka_consumer_fetch_manager_records_lag_avg{client_id="consumer-kafka-src50c-1",kafka_version="2.8.1",partition="27",topic="topic50c",} NaN
kafka_consumer_fetch_manager_records_lag_avg{client_id="consumer-kafka-src50c-1",kafka_version="2.8.1",partition="35",topic="topic50c",} NaN
kafka_consumer_fetch_manager_records_lag_avg{client_id="consumer-kafka-src50c-1",kafka_version="2.8.1",partition="45",topic="topic50c",} NaN
kafka_consumer_fetch_manager_records_lag_avg{client_id="consumer-kafka-src50c-1",kafka_version="2.8.1",partition="25",topic="topic50c",} NaN
kafka_consumer_fetch_manager_records_lag_avg{client_id="consumer-kafka-src50c-1",kafka_version="2.8.1",partition="33",topic="topic50c",} NaN
kafka_consumer_fetch_manager_records_lag_avg{client_id="consumer-kafka-src50c-1",kafka_version="2.8.1",partition="47",topic="topic50c",} NaN
kafka_consumer_fetch_manager_records_lag_avg{client_id="consumer-kafka-src50c-1",kafka_version="2.8.1",partition="23",topic="topic50c",} NaN
kafka_consumer_fetch_manager_records_lag_avg{client_id="consumer-kafka-src50c-1",kafka_version="2.8.1",partition="31",topic="topic50c",} NaN
kafka_consumer_fetch_manager_records_lag_avg{client_id="consumer-kafka-src50c-1",kafka_version="2.8.1",partition="41",topic="topic50c",} NaN
kafka_consumer_fetch_manager_records_lag_avg{client_id="consumer-kafka-src50c-1",kafka_version="2.8.1",partition="21",topic="topic50c",} NaN
kafka_consumer_fetch_manager_records_lag_avg{client_id="consumer-kafka-src50c-1",kafka_version="2.8.1",partition="43",topic="topic50c",} NaN
# HELP kafka_consumer_incoming_byte_rate The number of bytes read off all sockets per second
# TYPE kafka_consumer_incoming_byte_rate gauge
kafka_consumer_incoming_byte_rate{client_id="consumer-kafka-src50c-1",kafka_version="2.8.1",} 111.8706829025137
# HELP kafka_consumer_fetch_manager_fetch_total The total number of fetch requests.
# TYPE kafka_consumer_fetch_manager_fetch_total counter
kafka_consumer_fetch_manager_fetch_total{client_id="consumer-kafka-src50c-1",kafka_version="2.8.1",} 9770.0
# HELP kafka_consumer_fetch_manager_fetch_rate The number of fetch requests per second.
# TYPE kafka_consumer_fetch_manager_fetch_rate gauge
kafka_consumer_fetch_manager_fetch_rate{client_id="consumer-kafka-src50c-1",kafka_version="2.8.1",} 5.057072677358763
# HELP kafka_consumer_fetch_manager_fetch_latency_max The max time taken for any fetch request.
# TYPE kafka_consumer_fetch_manager_fetch_latency_max gauge
kafka_consumer_fetch_manager_fetch_latency_max{client_id="consumer-kafka-src50c-1",kafka_version="2.8.1",} 600.0
# HELP kafka_consumer_incoming_byte_total The total number of bytes read off all sockets
# TYPE kafka_consumer_incoming_byte_total counter
kafka_consumer_incoming_byte_total{client_id="consumer-kafka-src50c-1",kafka_version="2.8.1",} 500847.0
# HELP kafka_consumer_fetch_manager_fetch_throttle_time_avg The average throttle time in ms
# TYPE kafka_consumer_fetch_manager_fetch_throttle_time_avg gauge
kafka_consumer_fetch_manager_fetch_throttle_time_avg{client_id="consumer-kafka-src50c-1",kafka_version="2.8.1",} 0.0
# HELP kafka_consumer_node_outgoing_byte_total The total number of outgoing bytes
# TYPE kafka_consumer_node_outgoing_byte_total counter
kafka_consumer_node_outgoing_byte_total{client_id="consumer-kafka-src50c-1",kafka_version="2.8.1",node_id="node-2147483645",} 454480.0
kafka_consumer_node_outgoing_byte_total{client_id="consumer-kafka-src50c-1",kafka_version="2.8.1",node_id="node-2",} 236444.0
kafka_consumer_node_outgoing_byte_total{client_id="consumer-kafka-src50c-1",kafka_version="2.8.1",node_id="node--1",} 184.0
kafka_consumer_node_outgoing_byte_total{client_id="consumer-kafka-src50c-1",kafka_version="2.8.1",node_id="node-1",} 229978.0
kafka_consumer_node_outgoing_byte_total{client_id="consumer-kafka-src50c-1",kafka_version="2.8.1",node_id="node-0",} 232633.0
# HELP kafka_consumer_last_poll_seconds_ago The number of seconds since the last poll() invocation.
# TYPE kafka_consumer_last_poll_seconds_ago gauge
kafka_consumer_last_poll_seconds_ago{client_id="consumer-kafka-src50c-1",kafka_version="2.8.1",} 0.0
# HELP kafka_consumer_coordinator_heartbeat_rate The number of heartbeats per second
# TYPE kafka_consumer_coordinator_heartbeat_rate gauge
kafka_consumer_coordinator_heartbeat_rate{client_id="consumer-kafka-src50c-1",kafka_version="2.8.1",} 0.3608605135322693
# HELP kafka_consumer_coordinator_rebalance_total The total number of successful rebalance events, each event is composed of several failed re-trials until it succeeded
# TYPE kafka_consumer_coordinator_rebalance_total counter
kafka_consumer_coordinator_rebalance_total{client_id="consumer-kafka-src50c-1",kafka_version="2.8.1",} 3.0
# HELP kafka_consumer_connection_close_total The total number of connections closed
# TYPE kafka_consumer_connection_close_total counter
kafka_consumer_connection_close_total{client_id="consumer-kafka-src50c-1",kafka_version="2.8.1",} 1.0
# HELP kafka_consumer_fetch_manager_bytes_consumed_rate The average number of bytes consumed per second for a topic
# TYPE kafka_consumer_fetch_manager_bytes_consumed_rate gauge
kafka_consumer_fetch_manager_bytes_consumed_rate{client_id="consumer-kafka-src50c-1",kafka_version="2.8.1",topic="topic50c",} 0.0
# HELP kafka_consumer_connection_close_rate The number of connections closed per second
# TYPE kafka_consumer_connection_close_rate gauge
kafka_consumer_connection_close_rate{client_id="consumer-kafka-src50c-1",kafka_version="2.8.1",} 0.0
# HELP kafka_consumer_coordinator_rebalance_latency_max The max time taken for a group to complete a successful rebalance, which may be composed of several failed re-trials until it succeeded
# TYPE kafka_consumer_coordinator_rebalance_latency_max gauge
kafka_consumer_coordinator_rebalance_latency_max{client_id="consumer-kafka-src50c-1",kafka_version="2.8.1",} NaN
# HELP kafka_consumer_coordinator_last_rebalance_seconds_ago The number of seconds since the last successful rebalance event
# TYPE kafka_consumer_coordinator_last_rebalance_seconds_ago gauge
kafka_consumer_coordinator_last_rebalance_seconds_ago{client_id="consumer-kafka-src50c-1",kafka_version="2.8.1",} 2331.0
# HELP kafka_consumer_coordinator_commit_total The total number of commit calls
# TYPE kafka_consumer_coordinator_commit_total counter
kafka_consumer_coordinator_commit_total{client_id="consumer-kafka-src50c-1",kafka_version="2.8.1",} 1687.0
# HELP kafka_consumer_request_rate The number of requests sent per second
# TYPE kafka_consumer_request_rate gauge
kafka_consumer_request_rate{client_id="consumer-kafka-src50c-1",kafka_version="2.8.1",} 5.413396073205771
# HELP kafka_consumer_fetch_manager_records_consumed_total The total number of records consumed for a topic
# TYPE kafka_consumer_fetch_manager_records_consumed_total counter
kafka_consumer_fetch_manager_records_consumed_total{client_id="consumer-kafka-src50c-1",kafka_version="2.8.1",topic="topic50c",} 1697.0
# HELP kafka_consumer_connection_creation_rate The number of new connections established per second
# TYPE kafka_consumer_connection_creation_rate gauge
kafka_consumer_connection_creation_rate{client_id="consumer-kafka-src50c-1",kafka_version="2.8.1",} 0.0
# HELP kafka_consumer_failed_reauthentication_rate The number of failed re-authentication of connections per second
# TYPE kafka_consumer_failed_reauthentication_rate gauge
kafka_consumer_failed_reauthentication_rate{client_id="consumer-kafka-src50c-1",kafka_version="2.8.1",} 0.0
# HELP kafka_consumer_coordinator_partition_revoked_latency_max The max time taken for a partition-revoked rebalance listener callback
# TYPE kafka_consumer_coordinator_partition_revoked_latency_max gauge
kafka_consumer_coordinator_partition_revoked_latency_max{client_id="consumer-kafka-src50c-1",kafka_version="2.8.1",} NaN
# HELP kafka_consumer_fetch_manager_bytes_consumed_total The total number of bytes consumed for a topic
# TYPE kafka_consumer_fetch_manager_bytes_consumed_total counter
kafka_consumer_fetch_manager_bytes_consumed_total{client_id="consumer-kafka-src50c-1",kafka_version="2.8.1",topic="topic50c",} 28854.0
# HELP event_count_1_total Number of events received
# TYPE event_count_1_total counter
event_count_1_total{consumer_name="kafka-src50",event_type="dev.knative.kafka.event",name="kafka-src50",namespace_name="default",response_code="200",response_code_class="2xx",} 1697.0
# HELP kafka_consumer_fetch_manager_records_lag The latest lag of the partition
# TYPE kafka_consumer_fetch_manager_records_lag gauge
kafka_consumer_fetch_manager_records_lag{client_id="consumer-kafka-src50c-1",kafka_version="2.8.1",partition="19",topic="topic50c",} 0.0
kafka_consumer_fetch_manager_records_lag{client_id="consumer-kafka-src50c-1",kafka_version="2.8.1",partition="49",topic="topic50c",} 0.0
kafka_consumer_fetch_manager_records_lag{client_id="consumer-kafka-src50c-1",kafka_version="2.8.1",partition="39",topic="topic50c",} 0.0
kafka_consumer_fetch_manager_records_lag{client_id="consumer-kafka-src50c-1",kafka_version="2.8.1",partition="17",topic="topic50c",} 0.0
kafka_consumer_fetch_manager_records_lag{client_id="consumer-kafka-src50c-1",kafka_version="2.8.1",partition="29",topic="topic50c",} 0.0
kafka_consumer_fetch_manager_records_lag{client_id="consumer-kafka-src50c-1",kafka_version="2.8.1",partition="37",topic="topic50c",} 0.0
kafka_consumer_fetch_manager_records_lag{client_id="consumer-kafka-src50c-1",kafka_version="2.8.1",partition="27",topic="topic50c",} 0.0
kafka_consumer_fetch_manager_records_lag{client_id="consumer-kafka-src50c-1",kafka_version="2.8.1",partition="45",topic="topic50c",} 0.0
kafka_consumer_fetch_manager_records_lag{client_id="consumer-kafka-src50c-1",kafka_version="2.8.1",partition="35",topic="topic50c",} 0.0
kafka_consumer_fetch_manager_records_lag{client_id="consumer-kafka-src50c-1",kafka_version="2.8.1",partition="25",topic="topic50c",} 0.0
kafka_consumer_fetch_manager_records_lag{client_id="consumer-kafka-src50c-1",kafka_version="2.8.1",partition="47",topic="topic50c",} 0.0
kafka_consumer_fetch_manager_records_lag{client_id="consumer-kafka-src50c-1",kafka_version="2.8.1",partition="33",topic="topic50c",} 0.0
kafka_consumer_fetch_manager_records_lag{client_id="consumer-kafka-src50c-1",kafka_version="2.8.1",partition="23",topic="topic50c",} 0.0
kafka_consumer_fetch_manager_records_lag{client_id="consumer-kafka-src50c-1",kafka_version="2.8.1",partition="41",topic="topic50c",} 0.0
kafka_consumer_fetch_manager_records_lag{client_id="consumer-kafka-src50c-1",kafka_version="2.8.1",partition="31",topic="topic50c",} 0.0
kafka_consumer_fetch_manager_records_lag{client_id="consumer-kafka-src50c-1",kafka_version="2.8.1",partition="21",topic="topic50c",} 0.0
kafka_consumer_fetch_manager_records_lag{client_id="consumer-kafka-src50c-1",kafka_version="2.8.1",partition="43",topic="topic50c",} 0.0
# HELP kafka_consumer_coordinator_partition_lost_latency_avg The average time taken for a partition-lost rebalance listener callback
# TYPE kafka_consumer_coordinator_partition_lost_latency_avg gauge
kafka_consumer_coordinator_partition_lost_latency_avg{client_id="consumer-kafka-src50c-1",kafka_version="2.8.1",} NaN
# HELP kafka_consumer_response_total The total number of responses received
# TYPE kafka_consumer_response_total counter
kafka_consumer_response_total{client_id="consumer-kafka-src50c-1",kafka_version="2.8.1",} 13200.0
# HELP kafka_consumer_node_outgoing_byte_rate The number of outgoing bytes per second
# TYPE kafka_consumer_node_outgoing_byte_rate gauge
kafka_consumer_node_outgoing_byte_rate{client_id="consumer-kafka-src50c-1",kafka_version="2.8.1",node_id="node-2147483645",} 41.76556318967312
kafka_consumer_node_outgoing_byte_rate{client_id="consumer-kafka-src50c-1",kafka_version="2.8.1",node_id="node-2",} 113.15337630534523
kafka_consumer_node_outgoing_byte_rate{client_id="consumer-kafka-src50c-1",kafka_version="2.8.1",node_id="node--1",} 0.0
kafka_consumer_node_outgoing_byte_rate{client_id="consumer-kafka-src50c-1",kafka_version="2.8.1",node_id="node-1",} 113.49411426930807
kafka_consumer_node_outgoing_byte_rate{client_id="consumer-kafka-src50c-1",kafka_version="2.8.1",node_id="node-0",} 113.43325006938662
# HELP kafka_consumer_coordinator_partition_revoked_latency_avg The average time taken for a partition-revoked rebalance listener callback
# TYPE kafka_consumer_coordinator_partition_revoked_latency_avg gauge
kafka_consumer_coordinator_partition_revoked_latency_avg{client_id="consumer-kafka-src50c-1",kafka_version="2.8.1",} NaN
# HELP kafka_consumer_coordinator_partition_assigned_latency_max The max time taken for a partition-assigned rebalance listener callback
# TYPE kafka_consumer_coordinator_partition_assigned_latency_max gauge
kafka_consumer_coordinator_partition_assigned_latency_max{client_id="consumer-kafka-src50c-1",kafka_version="2.8.1",} NaN
# HELP kafka_consumer_select_total The total number of times the I/O layer checked for new I/O to perform
# TYPE kafka_consumer_select_total counter
kafka_consumer_select_total{client_id="consumer-kafka-src50c-1",kafka_version="2.8.1",} 57364.0
# HELP kafka_consumer_coordinator_sync_rate The number of group syncs per second
# TYPE kafka_consumer_coordinator_sync_rate gauge
kafka_consumer_coordinator_sync_rate{client_id="consumer-kafka-src50c-1",kafka_version="2.8.1",} 0.0
# HELP kafka_consumer_fetch_manager_preferred_read_replica The current read replica for the partition, or -1 if reading from leader
# TYPE kafka_consumer_fetch_manager_preferred_read_replica gauge
kafka_consumer_fetch_manager_preferred_read_replica{client_id="consumer-kafka-src50c-1",kafka_version="2.8.1",partition="19",topic="topic50c",} -1.0
kafka_consumer_fetch_manager_preferred_read_replica{client_id="consumer-kafka-src50c-1",kafka_version="2.8.1",partition="49",topic="topic50c",} -1.0
kafka_consumer_fetch_manager_preferred_read_replica{client_id="consumer-kafka-src50c-1",kafka_version="2.8.1",partition="39",topic="topic50c",} -1.0
kafka_consumer_fetch_manager_preferred_read_replica{client_id="consumer-kafka-src50c-1",kafka_version="2.8.1",partition="17",topic="topic50c",} -1.0
kafka_consumer_fetch_manager_preferred_read_replica{client_id="consumer-kafka-src50c-1",kafka_version="2.8.1",partition="29",topic="topic50c",} -1.0
kafka_consumer_fetch_manager_preferred_read_replica{client_id="consumer-kafka-src50c-1",kafka_version="2.8.1",partition="37",topic="topic50c",} -1.0
kafka_consumer_fetch_manager_preferred_read_replica{client_id="consumer-kafka-src50c-1",kafka_version="2.8.1",partition="27",topic="topic50c",} -1.0
kafka_consumer_fetch_manager_preferred_read_replica{client_id="consumer-kafka-src50c-1",kafka_version="2.8.1",partition="45",topic="topic50c",} -1.0
kafka_consumer_fetch_manager_preferred_read_replica{client_id="consumer-kafka-src50c-1",kafka_version="2.8.1",partition="35",topic="topic50c",} -1.0
kafka_consumer_fetch_manager_preferred_read_replica{client_id="consumer-kafka-src50c-1",kafka_version="2.8.1",partition="25",topic="topic50c",} -1.0
kafka_consumer_fetch_manager_preferred_read_replica{client_id="consumer-kafka-src50c-1",kafka_version="2.8.1",partition="47",topic="topic50c",} -1.0
kafka_consumer_fetch_manager_preferred_read_replica{client_id="consumer-kafka-src50c-1",kafka_version="2.8.1",partition="33",topic="topic50c",} -1.0
kafka_consumer_fetch_manager_preferred_read_replica{client_id="consumer-kafka-src50c-1",kafka_version="2.8.1",partition="23",topic="topic50c",} -1.0
kafka_consumer_fetch_manager_preferred_read_replica{client_id="consumer-kafka-src50c-1",kafka_version="2.8.1",partition="41",topic="topic50c",} -1.0
kafka_consumer_fetch_manager_preferred_read_replica{client_id="consumer-kafka-src50c-1",kafka_version="2.8.1",partition="31",topic="topic50c",} -1.0
kafka_consumer_fetch_manager_preferred_read_replica{client_id="consumer-kafka-src50c-1",kafka_version="2.8.1",partition="21",topic="topic50c",} -1.0
kafka_consumer_fetch_manager_preferred_read_replica{client_id="consumer-kafka-src50c-1",kafka_version="2.8.1",partition="43",topic="topic50c",} -1.0
# HELP kafka_consumer_reauthentication_latency_avg The average latency observed due to re-authentication
# TYPE kafka_consumer_reauthentication_latency_avg gauge
kafka_consumer_reauthentication_latency_avg{client_id="consumer-kafka-src50c-1",kafka_version="2.8.1",} NaN
# HELP kafka_consumer_coordinator_rebalance_latency_avg The average time taken for a group to complete a successful rebalance, which may be composed of several failed re-trials until it succeeded
# TYPE kafka_consumer_coordinator_rebalance_latency_avg gauge
kafka_consumer_coordinator_rebalance_latency_avg{client_id="consumer-kafka-src50c-1",kafka_version="2.8.1",} NaN
# HELP kafka_consumer_successful_reauthentication_rate The number of successful re-authentication of connections per second
# TYPE kafka_consumer_successful_reauthentication_rate gauge
kafka_consumer_successful_reauthentication_rate{client_id="consumer-kafka-src50c-1",kafka_version="2.8.1",} 0.0
# HELP kafka_consumer_successful_authentication_no_reauth_total The total number of connections with successful authentication where the client does not support re-authentication
# TYPE kafka_consumer_successful_authentication_no_reauth_total counter
kafka_consumer_successful_authentication_no_reauth_total{client_id="consumer-kafka-src50c-1",kafka_version="2.8.1",} 0.0
# HELP kafka_consumer_fetch_manager_records_lead_min The min lead of the partition
# TYPE kafka_consumer_fetch_manager_records_lead_min gauge
kafka_consumer_fetch_manager_records_lead_min{client_id="consumer-kafka-src50c-1",kafka_version="2.8.1",partition="19",topic="topic50c",} NaN
kafka_consumer_fetch_manager_records_lead_min{client_id="consumer-kafka-src50c-1",kafka_version="2.8.1",partition="39",topic="topic50c",} NaN
kafka_consumer_fetch_manager_records_lead_min{client_id="consumer-kafka-src50c-1",kafka_version="2.8.1",partition="17",topic="topic50c",} NaN
kafka_consumer_fetch_manager_records_lead_min{client_id="consumer-kafka-src50c-1",kafka_version="2.8.1",partition="49",topic="topic50c",} NaN
kafka_consumer_fetch_manager_records_lead_min{client_id="consumer-kafka-src50c-1",kafka_version="2.8.1",partition="29",topic="topic50c",} NaN
kafka_consumer_fetch_manager_records_lead_min{client_id="consumer-kafka-src50c-1",kafka_version="2.8.1",partition="37",topic="topic50c",} NaN
kafka_consumer_fetch_manager_records_lead_min{client_id="consumer-kafka-src50c-1",kafka_version="2.8.1",partition="27",topic="topic50c",} NaN
kafka_consumer_fetch_manager_records_lead_min{client_id="consumer-kafka-src50c-1",kafka_version="2.8.1",partition="35",topic="topic50c",} NaN
kafka_consumer_fetch_manager_records_lead_min{client_id="consumer-kafka-src50c-1",kafka_version="2.8.1",partition="45",topic="topic50c",} NaN
kafka_consumer_fetch_manager_records_lead_min{client_id="consumer-kafka-src50c-1",kafka_version="2.8.1",partition="25",topic="topic50c",} NaN
kafka_consumer_fetch_manager_records_lead_min{client_id="consumer-kafka-src50c-1",kafka_version="2.8.1",partition="33",topic="topic50c",} NaN
kafka_consumer_fetch_manager_records_lead_min{client_id="consumer-kafka-src50c-1",kafka_version="2.8.1",partition="47",topic="topic50c",} NaN
kafka_consumer_fetch_manager_records_lead_min{client_id="consumer-kafka-src50c-1",kafka_version="2.8.1",partition="23",topic="topic50c",} NaN
kafka_consumer_fetch_manager_records_lead_min{client_id="consumer-kafka-src50c-1",kafka_version="2.8.1",partition="41",topic="topic50c",} NaN
kafka_consumer_fetch_manager_records_lead_min{client_id="consumer-kafka-src50c-1",kafka_version="2.8.1",partition="31",topic="topic50c",} NaN
kafka_consumer_fetch_manager_records_lead_min{client_id="consumer-kafka-src50c-1",kafka_version="2.8.1",partition="21",topic="topic50c",} NaN
kafka_consumer_fetch_manager_records_lead_min{client_id="consumer-kafka-src50c-1",kafka_version="2.8.1",partition="43",topic="topic50c",} NaN
# HELP kafka_consumer_coordinator_commit_rate The number of commit calls per second
# TYPE kafka_consumer_coordinator_commit_rate gauge
kafka_consumer_coordinator_commit_rate{client_id="consumer-kafka-src50c-1",kafka_version="2.8.1",} 0.0
# HELP kafka_consumer_io_wait_time_ns_avg The average length of time the I/O thread spent waiting for a socket ready for reads or writes in nanoseconds.
# TYPE kafka_consumer_io_wait_time_ns_avg gauge
kafka_consumer_io_wait_time_ns_avg{client_id="consumer-kafka-src50c-1",kafka_version="2.8.1",} 8.067958946127947E7
# HELP event_processing_latencies_ms_max The time spent processing an event
# TYPE event_processing_latencies_ms_max gauge
event_processing_latencies_ms_max{consumer_name="kafka-src50",event_type="dev.knative.kafka.event",name="kafka-src50",namespace_name="default",} 0.0
# HELP event_processing_latencies_ms The time spent processing an event
# TYPE event_processing_latencies_ms histogram
event_processing_latencies_ms_bucket{consumer_name="kafka-src50",event_type="dev.knative.kafka.event",name="kafka-src50",namespace_name="default",le="50.0",} 17.0
event_processing_latencies_ms_bucket{consumer_name="kafka-src50",event_type="dev.knative.kafka.event",name="kafka-src50",namespace_name="default",le="100.0",} 17.0
event_processing_latencies_ms_bucket{consumer_name="kafka-src50",event_type="dev.knative.kafka.event",name="kafka-src50",namespace_name="default",le="500.0",} 17.0
event_processing_latencies_ms_bucket{consumer_name="kafka-src50",event_type="dev.knative.kafka.event",name="kafka-src50",namespace_name="default",le="1000.0",} 17.0
event_processing_latencies_ms_bucket{consumer_name="kafka-src50",event_type="dev.knative.kafka.event",name="kafka-src50",namespace_name="default",le="5000.0",} 17.0
event_processing_latencies_ms_bucket{consumer_name="kafka-src50",event_type="dev.knative.kafka.event",name="kafka-src50",namespace_name="default",le="10000.0",} 20.0
event_processing_latencies_ms_bucket{consumer_name="kafka-src50",event_type="dev.knative.kafka.event",name="kafka-src50",namespace_name="default",le="+Inf",} 1697.0
event_processing_latencies_ms_count{consumer_name="kafka-src50",event_type="dev.knative.kafka.event",name="kafka-src50",namespace_name="default",} 1697.0
event_processing_latencies_ms_sum{consumer_name="kafka-src50",event_type="dev.knative.kafka.event",name="kafka-src50",namespace_name="default",} 8.52325982E8
# HELP queue_length_1 Number of events in executor queue per partition
# TYPE queue_length_1 gauge
queue_length_1{partition_id="45",} 0.0
queue_length_1{partition_id="23",} 0.0
queue_length_1{partition_id="35",} 0.0
queue_length_1{partition_id="25",} 0.0
queue_length_1{partition_id="47",} 0.0
queue_length_1{partition_id="37",} 0.0
queue_length_1{partition_id="27",} 0.0
queue_length_1{partition_id="49",} 0.0
queue_length_1{partition_id="39",} 0.0
queue_length_1{partition_id="17",} 0.0
queue_length_1{partition_id="29",} 0.0
queue_length_1{partition_id="19",} 0.0
queue_length_1{partition_id="41",} 0.0
queue_length_1{partition_id="31",} 0.0
queue_length_1{partition_id="21",} 0.0
queue_length_1{partition_id="43",} 0.0
queue_length_1{partition_id="33",} 0.0
# HELP kafka_consumer_connection_count_total The current number of active connections.
# TYPE kafka_consumer_connection_count_total counter
kafka_consumer_connection_count_total{client_id="consumer-kafka-src50c-1",kafka_version="2.8.1",} 4.0
# HELP executor_queue_latencies_ms_max The time an event spends in an executor queue
# TYPE executor_queue_latencies_ms_max gauge
executor_queue_latencies_ms_max{event_type="dev.knative.kafka.event",} 0.0
# HELP executor_queue_latencies_ms The time an event spends in an executor queue
# TYPE executor_queue_latencies_ms histogram
executor_queue_latencies_ms_bucket{event_type="dev.knative.kafka.event",le="50.0",} 17.0
executor_queue_latencies_ms_bucket{event_type="dev.knative.kafka.event",le="100.0",} 17.0
executor_queue_latencies_ms_bucket{event_type="dev.knative.kafka.event",le="500.0",} 17.0
executor_queue_latencies_ms_bucket{event_type="dev.knative.kafka.event",le="1000.0",} 17.0
executor_queue_latencies_ms_bucket{event_type="dev.knative.kafka.event",le="5000.0",} 17.0
executor_queue_latencies_ms_bucket{event_type="dev.knative.kafka.event",le="10000.0",} 20.0
executor_queue_latencies_ms_bucket{event_type="dev.knative.kafka.event",le="+Inf",} 1697.0
executor_queue_latencies_ms_count{event_type="dev.knative.kafka.event",} 1697.0
executor_queue_latencies_ms_sum{event_type="dev.knative.kafka.event",} 8.5232577E8
# HELP kafka_consumer_coordinator_assigned_partitions The number of partitions currently assigned to this consumer
# TYPE kafka_consumer_coordinator_assigned_partitions gauge
kafka_consumer_coordinator_assigned_partitions{client_id="consumer-kafka-src50c-1",kafka_version="2.8.1",} 17.0
# HELP kafka_consumer_network_io_rate The number of network operations (reads or writes) on all connections per second
# TYPE kafka_consumer_network_io_rate gauge
kafka_consumer_network_io_rate{client_id="consumer-kafka-src50c-1",kafka_version="2.8.1",} 10.80407230417619
# HELP kafka_consumer_fetch_manager_fetch_throttle_time_max The maximum throttle time in ms
# TYPE kafka_consumer_fetch_manager_fetch_throttle_time_max gauge
kafka_consumer_fetch_manager_fetch_throttle_time_max{client_id="consumer-kafka-src50c-1",kafka_version="2.8.1",} 0.0
# HELP kafka_consumer_coordinator_sync_time_max The max time taken for a group sync
# TYPE kafka_consumer_coordinator_sync_time_max gauge
kafka_consumer_coordinator_sync_time_max{client_id="consumer-kafka-src50c-1",kafka_version="2.8.1",} NaN
# HELP kafka_consumer_time_between_poll_max The max delay between invocations of poll().
# TYPE kafka_consumer_time_between_poll_max gauge
kafka_consumer_time_between_poll_max{client_id="consumer-kafka-src50c-1",kafka_version="2.8.1",} 1201.0
# HELP kafka_consumer_coordinator_join_total The total number of group joins
# TYPE kafka_consumer_coordinator_join_total counter
kafka_consumer_coordinator_join_total{client_id="consumer-kafka-src50c-1",kafka_version="2.8.1",} 3.0
# HELP kafka_consumer_failed_authentication_total The total number of connections with failed authentication
# TYPE kafka_consumer_failed_authentication_total counter
kafka_consumer_failed_authentication_total{client_id="consumer-kafka-src50c-1",kafka_version="2.8.1",} 0.0
# HELP kafka_consumer_connection_creation_total The total number of new connections established
# TYPE kafka_consumer_connection_creation_total counter
kafka_consumer_connection_creation_total{client_id="consumer-kafka-src50c-1",kafka_version="2.8.1",} 5.0
# HELP kafka_consumer_node_request_total The total number of requests sent
# TYPE kafka_consumer_node_request_total counter
kafka_consumer_node_request_total{client_id="consumer-kafka-src50c-1",kafka_version="2.8.1",node_id="node-2147483645",} 3416.0
kafka_consumer_node_request_total{client_id="consumer-kafka-src50c-1",kafka_version="2.8.1",node_id="node-2",} 3264.0
kafka_consumer_node_request_total{client_id="consumer-kafka-src50c-1",kafka_version="2.8.1",node_id="node-1",} 3260.0
kafka_consumer_node_request_total{client_id="consumer-kafka-src50c-1",kafka_version="2.8.1",node_id="node--1",} 3.0
kafka_consumer_node_request_total{client_id="consumer-kafka-src50c-1",kafka_version="2.8.1",node_id="node-0",} 3260.0
# HELP kafka_consumer_fetch_manager_records_consumed_rate The average number of records consumed per second for a topic
# TYPE kafka_consumer_fetch_manager_records_consumed_rate gauge
kafka_consumer_fetch_manager_records_consumed_rate{client_id="consumer-kafka-src50c-1",kafka_version="2.8.1",topic="topic50c",} 0.0
# HELP event_dispatch_latencies_ms_max The time spent dispatching an event to Kafka
# TYPE event_dispatch_latencies_ms_max gauge
event_dispatch_latencies_ms_max{consumer_name="kafka-src50",event_type="dev.knative.kafka.event",name="kafka-src50",namespace_name="default",response_code="200",response_code_class="2xx",} 0.0
# HELP event_dispatch_latencies_ms The time spent dispatching an event to Kafka
# TYPE event_dispatch_latencies_ms histogram
event_dispatch_latencies_ms_bucket{consumer_name="kafka-src50",event_type="dev.knative.kafka.event",name="kafka-src50",namespace_name="default",response_code="200",response_code_class="2xx",le="50.0",} 0.0
event_dispatch_latencies_ms_bucket{consumer_name="kafka-src50",event_type="dev.knative.kafka.event",name="kafka-src50",namespace_name="default",response_code="200",response_code_class="2xx",le="100.0",} 0.0
event_dispatch_latencies_ms_bucket{consumer_name="kafka-src50",event_type="dev.knative.kafka.event",name="kafka-src50",namespace_name="default",response_code="200",response_code_class="2xx",le="500.0",} 0.0
event_dispatch_latencies_ms_bucket{consumer_name="kafka-src50",event_type="dev.knative.kafka.event",name="kafka-src50",namespace_name="default",response_code="200",response_code_class="2xx",le="1000.0",} 0.0
event_dispatch_latencies_ms_bucket{consumer_name="kafka-src50",event_type="dev.knative.kafka.event",name="kafka-src50",namespace_name="default",response_code="200",response_code_class="2xx",le="5000.0",} 0.0
event_dispatch_latencies_ms_bucket{consumer_name="kafka-src50",event_type="dev.knative.kafka.event",name="kafka-src50",namespace_name="default",response_code="200",response_code_class="2xx",le="10000.0",} 0.0
event_dispatch_latencies_ms_bucket{consumer_name="kafka-src50",event_type="dev.knative.kafka.event",name="kafka-src50",namespace_name="default",response_code="200",response_code_class="2xx",le="+Inf",} 1697.0
event_dispatch_latencies_ms_count{consumer_name="kafka-src50",event_type="dev.knative.kafka.event",name="kafka-src50",namespace_name="default",response_code="200",response_code_class="2xx",} 1697.0
event_dispatch_latencies_ms_sum{consumer_name="kafka-src50",event_type="dev.knative.kafka.event",name="kafka-src50",namespace_name="default",response_code="200",response_code_class="2xx",} 5.744471E7
# HELP kafka_consumer_io_waittime_total The total time the I/O thread spent waiting
# TYPE kafka_consumer_io_waittime_total counter
kafka_consumer_io_waittime_total{client_id="consumer-kafka-src50c-1",kafka_version="2.8.1",} 1.601841390436E12
# HELP kafka_consumer_node_response_rate The number of responses received per second
# TYPE kafka_consumer_node_response_rate gauge
kafka_consumer_node_response_rate{client_id="consumer-kafka-src50c-1",kafka_version="2.8.1",node_id="node-2147483645",} 0.358726010198068
kafka_consumer_node_response_rate{client_id="consumer-kafka-src50c-1",kafka_version="2.8.1",node_id="node-2",} 1.689840206338383
kafka_consumer_node_response_rate{client_id="consumer-kafka-src50c-1",kafka_version="2.8.1",node_id="node-1",} 1.6879934658317453
kafka_consumer_node_response_rate{client_id="consumer-kafka-src50c-1",kafka_version="2.8.1",node_id="node--1",} 0.0
kafka_consumer_node_response_rate{client_id="consumer-kafka-src50c-1",kafka_version="2.8.1",node_id="node-0",} 1.6881313475100064
# HELP kafka_consumer_io_ratio The fraction of time the I/O thread spent doing I/O
# TYPE kafka_consumer_io_ratio gauge
kafka_consumer_io_ratio{client_id="consumer-kafka-src50c-1",kafka_version="2.8.1",} 0.001140273066218558
# HELP kafka_consumer_node_request_size_avg The average size of requests sent.
# TYPE kafka_consumer_node_request_size_avg gauge
kafka_consumer_node_request_size_avg{client_id="consumer-kafka-src50c-1",kafka_version="2.8.1",node_id="node-2147483645",} 118.0
kafka_consumer_node_request_size_avg{client_id="consumer-kafka-src50c-1",kafka_version="2.8.1",node_id="node-2",} 67.0
kafka_consumer_node_request_size_avg{client_id="consumer-kafka-src50c-1",kafka_version="2.8.1",node_id="node-1",} 67.0
kafka_consumer_node_request_size_avg{client_id="consumer-kafka-src50c-1",kafka_version="2.8.1",node_id="node--1",} NaN
kafka_consumer_node_request_size_avg{client_id="consumer-kafka-src50c-1",kafka_version="2.8.1",node_id="node-0",} 67.0
# HELP kafka_consumer_request_size_avg The average size of requests sent.
# TYPE kafka_consumer_request_size_avg gauge
kafka_consumer_request_size_avg{client_id="consumer-kafka-src50c-1",kafka_version="2.8.1",} 70.33461538461539
# HELP kafka_consumer_time_between_poll_avg The average delay between invocations of poll().
# TYPE kafka_consumer_time_between_poll_avg gauge
kafka_consumer_time_between_poll_avg{client_id="consumer-kafka-src50c-1",kafka_version="2.8.1",} 1199.9642857142858
# HELP kafka_consumer_failed_reauthentication_total The total number of failed re-authentication of connections
# TYPE kafka_consumer_failed_reauthentication_total counter
kafka_consumer_failed_reauthentication_total{client_id="consumer-kafka-src50c-1",kafka_version="2.8.1",} 0.0
# HELP kafka_consumer_node_request_size_max The maximum size of any request sent.
# TYPE kafka_consumer_node_request_size_max gauge
kafka_consumer_node_request_size_max{client_id="consumer-kafka-src50c-1",kafka_version="2.8.1",node_id="node-2147483645",} 118.0
kafka_consumer_node_request_size_max{client_id="consumer-kafka-src50c-1",kafka_version="2.8.1",node_id="node-2",} 67.0
kafka_consumer_node_request_size_max{client_id="consumer-kafka-src50c-1",kafka_version="2.8.1",node_id="node-1",} 67.0
kafka_consumer_node_request_size_max{client_id="consumer-kafka-src50c-1",kafka_version="2.8.1",node_id="node--1",} NaN
kafka_consumer_node_request_size_max{client_id="consumer-kafka-src50c-1",kafka_version="2.8.1",node_id="node-0",} 67.0
# HELP kafka_consumer_node_incoming_byte_total The total number of incoming bytes
# TYPE kafka_consumer_node_incoming_byte_total counter
kafka_consumer_node_incoming_byte_total{client_id="consumer-kafka-src50c-1",kafka_version="2.8.1",node_id="node-2147483645",} 85361.0
kafka_consumer_node_incoming_byte_total{client_id="consumer-kafka-src50c-1",kafka_version="2.8.1",node_id="node-2",} 149737.0
kafka_consumer_node_incoming_byte_total{client_id="consumer-kafka-src50c-1",kafka_version="2.8.1",node_id="node-1",} 122214.0
kafka_consumer_node_incoming_byte_total{client_id="consumer-kafka-src50c-1",kafka_version="2.8.1",node_id="node--1",} 2891.0
kafka_consumer_node_incoming_byte_total{client_id="consumer-kafka-src50c-1",kafka_version="2.8.1",node_id="node-0",} 140644.0
# HELP kafka_consumer_successful_authentication_rate The number of connections with successful authentication per second
# TYPE kafka_consumer_successful_authentication_rate gauge
kafka_consumer_successful_authentication_rate{client_id="consumer-kafka-src50c-1",kafka_version="2.8.1",} 0.0
# HELP kafka_consumer_coordinator_rebalance_latency_total The total number of milliseconds this consumer has spent in successful rebalances since creation
# TYPE kafka_consumer_coordinator_rebalance_latency_total counter
kafka_consumer_coordinator_rebalance_latency_total{client_id="consumer-kafka-src50c-1",kafka_version="2.8.1",} 23520.0
# HELP kafka_consumer_coordinator_heartbeat_response_time_max The max time taken to receive a response to a heartbeat request
# TYPE kafka_consumer_coordinator_heartbeat_response_time_max gauge
kafka_consumer_coordinator_heartbeat_response_time_max{client_id="consumer-kafka-src50c-1",kafka_version="2.8.1",} 4.0
# HELP kafka_consumer_fetch_manager_records_lead The latest lead of the partition
# TYPE kafka_consumer_fetch_manager_records_lead gauge
kafka_consumer_fetch_manager_records_lead{client_id="consumer-kafka-src50c-1",kafka_version="2.8.1",partition="19",topic="topic50c",} 100.0
kafka_consumer_fetch_manager_records_lead{client_id="consumer-kafka-src50c-1",kafka_version="2.8.1",partition="17",topic="topic50c",} 100.0
kafka_consumer_fetch_manager_records_lead{client_id="consumer-kafka-src50c-1",kafka_version="2.8.1",partition="39",topic="topic50c",} 100.0
kafka_consumer_fetch_manager_records_lead{client_id="consumer-kafka-src50c-1",kafka_version="2.8.1",partition="49",topic="topic50c",} 100.0
kafka_consumer_fetch_manager_records_lead{client_id="consumer-kafka-src50c-1",kafka_version="2.8.1",partition="29",topic="topic50c",} 100.0
kafka_consumer_fetch_manager_records_lead{client_id="consumer-kafka-src50c-1",kafka_version="2.8.1",partition="37",topic="topic50c",} 100.0
kafka_consumer_fetch_manager_records_lead{client_id="consumer-kafka-src50c-1",kafka_version="2.8.1",partition="27",topic="topic50c",} 100.0
kafka_consumer_fetch_manager_records_lead{client_id="consumer-kafka-src50c-1",kafka_version="2.8.1",partition="35",topic="topic50c",} 100.0
kafka_consumer_fetch_manager_records_lead{client_id="consumer-kafka-src50c-1",kafka_version="2.8.1",partition="45",topic="topic50c",} 100.0
kafka_consumer_fetch_manager_records_lead{client_id="consumer-kafka-src50c-1",kafka_version="2.8.1",partition="25",topic="topic50c",} 100.0
kafka_consumer_fetch_manager_records_lead{client_id="consumer-kafka-src50c-1",kafka_version="2.8.1",partition="33",topic="topic50c",} 100.0
kafka_consumer_fetch_manager_records_lead{client_id="consumer-kafka-src50c-1",kafka_version="2.8.1",partition="47",topic="topic50c",} 100.0
kafka_consumer_fetch_manager_records_lead{client_id="consumer-kafka-src50c-1",kafka_version="2.8.1",partition="23",topic="topic50c",} 100.0
kafka_consumer_fetch_manager_records_lead{client_id="consumer-kafka-src50c-1",kafka_version="2.8.1",partition="31",topic="topic50c",} 100.0
kafka_consumer_fetch_manager_records_lead{client_id="consumer-kafka-src50c-1",kafka_version="2.8.1",partition="41",topic="topic50c",} 100.0
kafka_consumer_fetch_manager_records_lead{client_id="consumer-kafka-src50c-1",kafka_version="2.8.1",partition="21",topic="topic50c",} 100.0
kafka_consumer_fetch_manager_records_lead{client_id="consumer-kafka-src50c-1",kafka_version="2.8.1",partition="43",topic="topic50c",} 100.0
# HELP kafka_consumer_iotime_total The total time the I/O thread spent doing I/O
# TYPE kafka_consumer_iotime_total counter
kafka_consumer_iotime_total{client_id="consumer-kafka-src50c-1",kafka_version="2.8.1",} 3.995110712E9
# HELP kafka_consumer_fetch_manager_fetch_size_max The maximum number of bytes fetched per request for a topic
# TYPE kafka_consumer_fetch_manager_fetch_size_max gauge
kafka_consumer_fetch_manager_fetch_size_max{client_id="consumer-kafka-src50c-1",kafka_version="2.8.1",topic="topic50c",} NaN
# HELP kafka_consumer_coordinator_sync_time_avg The average time taken for a group sync
# TYPE kafka_consumer_coordinator_sync_time_avg gauge
kafka_consumer_coordinator_sync_time_avg{client_id="consumer-kafka-src50c-1",kafka_version="2.8.1",} NaN
# HELP kafka_consumer_reauthentication_latency_max The max latency observed due to re-authentication
# TYPE kafka_consumer_reauthentication_latency_max gauge
kafka_consumer_reauthentication_latency_max{client_id="consumer-kafka-src50c-1",kafka_version="2.8.1",} NaN
# HELP kafka_consumer_fetch_manager_records_lag_max The max lag of the partition
# TYPE kafka_consumer_fetch_manager_records_lag_max gauge
kafka_consumer_fetch_manager_records_lag_max{client_id="consumer-kafka-src50c-1",kafka_version="2.8.1",partition="19",topic="topic50c",} NaN
kafka_consumer_fetch_manager_records_lag_max{client_id="consumer-kafka-src50c-1",kafka_version="2.8.1",partition="17",topic="topic50c",} NaN
kafka_consumer_fetch_manager_records_lag_max{client_id="consumer-kafka-src50c-1",kafka_version="2.8.1",partition="39",topic="topic50c",} NaN
kafka_consumer_fetch_manager_records_lag_max{client_id="consumer-kafka-src50c-1",kafka_version="2.8.1",partition="49",topic="topic50c",} NaN
kafka_consumer_fetch_manager_records_lag_max{client_id="consumer-kafka-src50c-1",kafka_version="2.8.1",partition="29",topic="topic50c",} NaN
kafka_consumer_fetch_manager_records_lag_max{client_id="consumer-kafka-src50c-1",kafka_version="2.8.1",partition="37",topic="topic50c",} NaN
kafka_consumer_fetch_manager_records_lag_max{client_id="consumer-kafka-src50c-1",kafka_version="2.8.1",partition="27",topic="topic50c",} NaN
kafka_consumer_fetch_manager_records_lag_max{client_id="consumer-kafka-src50c-1",kafka_version="2.8.1",partition="35",topic="topic50c",} NaN
kafka_consumer_fetch_manager_records_lag_max{client_id="consumer-kafka-src50c-1",kafka_version="2.8.1",partition="45",topic="topic50c",} NaN
kafka_consumer_fetch_manager_records_lag_max{client_id="consumer-kafka-src50c-1",kafka_version="2.8.1",partition="25",topic="topic50c",} NaN
kafka_consumer_fetch_manager_records_lag_max{client_id="consumer-kafka-src50c-1",kafka_version="2.8.1",partition="33",topic="topic50c",} NaN
kafka_consumer_fetch_manager_records_lag_max{client_id="consumer-kafka-src50c-1",kafka_version="2.8.1",partition="47",topic="topic50c",} NaN
kafka_consumer_fetch_manager_records_lag_max{client_id="consumer-kafka-src50c-1",kafka_version="2.8.1",partition="23",topic="topic50c",} NaN
kafka_consumer_fetch_manager_records_lag_max{client_id="consumer-kafka-src50c-1",kafka_version="2.8.1",partition="31",topic="topic50c",} NaN
kafka_consumer_fetch_manager_records_lag_max{client_id="consumer-kafka-src50c-1",kafka_version="2.8.1",partition="41",topic="topic50c",} NaN
kafka_consumer_fetch_manager_records_lag_max{client_id="consumer-kafka-src50c-1",kafka_version="2.8.1",partition="21",topic="topic50c",} NaN
kafka_consumer_fetch_manager_records_lag_max{client_id="consumer-kafka-src50c-1",kafka_version="2.8.1",partition="43",topic="topic50c",} NaN
# HELP kafka_consumer_coordinator_failed_rebalance_rate_per_hour The number of failed rebalance events per hour
# TYPE kafka_consumer_coordinator_failed_rebalance_rate_per_hour gauge
kafka_consumer_coordinator_failed_rebalance_rate_per_hour{client_id="consumer-kafka-src50c-1",kafka_version="2.8.1",} 0.0
# HELP kafka_consumer_fetch_manager_fetch_latency_avg The average time taken for a fetch request.
# TYPE kafka_consumer_fetch_manager_fetch_latency_avg gauge
kafka_consumer_fetch_manager_fetch_latency_avg{client_id="consumer-kafka-src50c-1",kafka_version="2.8.1",} 550.4380952380952
# HELP kafka_consumer_coordinator_join_time_max The max time taken for a group rejoin
# TYPE kafka_consumer_coordinator_join_time_max gauge
kafka_consumer_coordinator_join_time_max{client_id="consumer-kafka-src50c-1",kafka_version="2.8.1",} NaN
# HELP kafka_consumer_successful_authentication_total The total number of connections with successful authentication
# TYPE kafka_consumer_successful_authentication_total counter
kafka_consumer_successful_authentication_total{client_id="consumer-kafka-src50c-1",kafka_version="2.8.1",} 0.0
# HELP kafka_consumer_coordinator_partition_assigned_latency_avg The average time taken for a partition-assigned rebalance listener callback
# TYPE kafka_consumer_coordinator_partition_assigned_latency_avg gauge
kafka_consumer_coordinator_partition_assigned_latency_avg{client_id="consumer-kafka-src50c-1",kafka_version="2.8.1",} NaN
# HELP kafka_consumer_coordinator_heartbeat_total The total number of heartbeats
# TYPE kafka_consumer_coordinator_heartbeat_total counter
kafka_consumer_coordinator_heartbeat_total{client_id="consumer-kafka-src50c-1",kafka_version="2.8.1",} 1720.0
# HELP kafka_consumer_fetch_manager_fetch_size_avg The average number of bytes fetched per request for a topic
# TYPE kafka_consumer_fetch_manager_fetch_size_avg gauge
kafka_consumer_fetch_manager_fetch_size_avg{client_id="consumer-kafka-src50c-1",kafka_version="2.8.1",topic="topic50c",} NaN
# HELP kafka_consumer_coordinator_failed_rebalance_total The total number of failed rebalance events
# TYPE kafka_consumer_coordinator_failed_rebalance_total counter
kafka_consumer_coordinator_failed_rebalance_total{client_id="consumer-kafka-src50c-1",kafka_version="2.8.1",} 1.0
# HELP kafka_consumer_poll_idle_ratio_avg The average fraction of time the consumer's poll() is idle as opposed to waiting for the user code to process records.
# TYPE kafka_consumer_poll_idle_ratio_avg gauge
kafka_consumer_poll_idle_ratio_avg{client_id="consumer-kafka-src50c-1",kafka_version="2.8.1",} 0.4547040822967908
# HELP kafka_consumer_node_response_total The total number of responses received
# TYPE kafka_consumer_node_response_total counter
kafka_consumer_node_response_total{client_id="consumer-kafka-src50c-1",kafka_version="2.8.1",node_id="node-2147483645",} 3416.0
kafka_consumer_node_response_total{client_id="consumer-kafka-src50c-1",kafka_version="2.8.1",node_id="node-2",} 3263.0
kafka_consumer_node_response_total{client_id="consumer-kafka-src50c-1",kafka_version="2.8.1",node_id="node--1",} 3.0
kafka_consumer_node_response_total{client_id="consumer-kafka-src50c-1",kafka_version="2.8.1",node_id="node-1",} 3259.0
kafka_consumer_node_response_total{client_id="consumer-kafka-src50c-1",kafka_version="2.8.1",node_id="node-0",} 3259.0
# HELP kafka_consumer_io_wait_ratio The fraction of time the I/O thread spent waiting
# TYPE kafka_consumer_io_wait_ratio gauge
kafka_consumer_io_wait_ratio{client_id="consumer-kafka-src50c-1",kafka_version="2.8.1",} 0.8388530743917382
# HELP kafka_app_info_start_time_ms Metric indicating start-time-ms
# TYPE kafka_app_info_start_time_ms gauge
kafka_app_info_start_time_ms{client_id="consumer-kafka-src50c-1",kafka_version="2.8.1",} 1.657034181244E12
# HELP kafka_consumer_outgoing_byte_total The total number of outgoing bytes sent to all servers
# TYPE kafka_consumer_outgoing_byte_total counter
kafka_consumer_outgoing_byte_total{client_id="consumer-kafka-src50c-1",kafka_version="2.8.1",} 1153719.0
# HELP kafka_consumer_node_request_latency_max 
# TYPE kafka_consumer_node_request_latency_max gauge
kafka_consumer_node_request_latency_max{client_id="consumer-kafka-src50c-1",kafka_version="2.8.1",node_id="node-2147483645",} NaN
kafka_consumer_node_request_latency_max{client_id="consumer-kafka-src50c-1",kafka_version="2.8.1",node_id="node-2",} NaN
kafka_consumer_node_request_latency_max{client_id="consumer-kafka-src50c-1",kafka_version="2.8.1",node_id="node--1",} NaN
kafka_consumer_node_request_latency_max{client_id="consumer-kafka-src50c-1",kafka_version="2.8.1",node_id="node-1",} NaN
kafka_consumer_node_request_latency_max{client_id="consumer-kafka-src50c-1",kafka_version="2.8.1",node_id="node-0",} NaN
# HELP kafka_consumer_request_total The total number of requests sent
# TYPE kafka_consumer_request_total counter
kafka_consumer_request_total{client_id="consumer-kafka-src50c-1",kafka_version="2.8.1",} 13203.0
# HELP kafka_consumer_coordinator_partition_lost_latency_max The max time taken for a partition-lost rebalance listener callback
# TYPE kafka_consumer_coordinator_partition_lost_latency_max gauge
kafka_consumer_coordinator_partition_lost_latency_max{client_id="consumer-kafka-src50c-1",kafka_version="2.8.1",} NaN
# HELP kafka_consumer_coordinator_last_heartbeat_seconds_ago The number of seconds since the last coordinator heartbeat was sent
# TYPE kafka_consumer_coordinator_last_heartbeat_seconds_ago gauge
kafka_consumer_coordinator_last_heartbeat_seconds_ago{client_id="consumer-kafka-src50c-1",kafka_version="2.8.1",} 0.0
# HELP kafka_consumer_coordinator_commit_latency_max The max time taken for a commit request
# TYPE kafka_consumer_coordinator_commit_latency_max gauge
kafka_consumer_coordinator_commit_latency_max{client_id="consumer-kafka-src50c-1",kafka_version="2.8.1",} NaN
# HELP kafka_consumer_node_request_latency_avg 
# TYPE kafka_consumer_node_request_latency_avg gauge
kafka_consumer_node_request_latency_avg{client_id="consumer-kafka-src50c-1",kafka_version="2.8.1",node_id="node-2147483645",} NaN
kafka_consumer_node_request_latency_avg{client_id="consumer-kafka-src50c-1",kafka_version="2.8.1",node_id="node-2",} NaN
kafka_consumer_node_request_latency_avg{client_id="consumer-kafka-src50c-1",kafka_version="2.8.1",node_id="node--1",} NaN
kafka_consumer_node_request_latency_avg{client_id="consumer-kafka-src50c-1",kafka_version="2.8.1",node_id="node-1",} NaN
kafka_consumer_node_request_latency_avg{client_id="consumer-kafka-src50c-1",kafka_version="2.8.1",node_id="node-0",} NaN
# HELP kafka_consumer_node_incoming_byte_rate The number of incoming bytes per second
# TYPE kafka_consumer_node_incoming_byte_rate gauge
kafka_consumer_node_incoming_byte_rate{client_id="consumer-kafka-src50c-1",kafka_version="2.8.1",node_id="node-2147483645",} 5.739469099108333
kafka_consumer_node_incoming_byte_rate{client_id="consumer-kafka-src50c-1",kafka_version="2.8.1",node_id="node-2",} 35.48559231590181
kafka_consumer_node_incoming_byte_rate{client_id="consumer-kafka-src50c-1",kafka_version="2.8.1",node_id="node-1",} 35.44689771582587
kafka_consumer_node_incoming_byte_rate{client_id="consumer-kafka-src50c-1",kafka_version="2.8.1",node_id="node--1",} 0.0
kafka_consumer_node_incoming_byte_rate{client_id="consumer-kafka-src50c-1",kafka_version="2.8.1",node_id="node-0",} 35.449793073404486
# HELP kafka_consumer_coordinator_commit_latency_avg The average time taken for a commit request
# TYPE kafka_consumer_coordinator_commit_latency_avg gauge
kafka_consumer_coordinator_commit_latency_avg{client_id="consumer-kafka-src50c-1",kafka_version="2.8.1",} NaN
# HELP kafka_consumer_successful_reauthentication_total The total number of successful re-authentication of connections
# TYPE kafka_consumer_successful_reauthentication_total counter
kafka_consumer_successful_reauthentication_total{client_id="consumer-kafka-src50c-1",kafka_version="2.8.1",} 0.0
# HELP kafka_consumer_network_io_total The total number of network operations (reads or writes) on all connections
# TYPE kafka_consumer_network_io_total counter
kafka_consumer_network_io_total{client_id="consumer-kafka-src50c-1",kafka_version="2.8.1",} 26407.0
# HELP kafka_consumer_io_time_ns_avg The average length of time for I/O per select call in nanoseconds.
# TYPE kafka_consumer_io_time_ns_avg gauge
kafka_consumer_io_time_ns_avg{client_id="consumer-kafka-src50c-1",kafka_version="2.8.1",} 109667.77777777778